{"/Users/ming/github_things/battleship/app_web/backend/src/config/auth.config.js": {"path":"/Users/ming/github_things/battleship/app_web/backend/src/config/auth.config.js","statementMap":{"0":{"start":{"line":1,"column":15},"end":{"line":3,"column":1}},"1":{"start":{"line":5,"column":0},"end":{"line":5,"column":24}}},"fnMap":{},"branchMap":{},"s":{"0":3,"1":3},"f":{},"b":{},"_coverageSchema":"1a1c01bbd47fc00a2c39e90264f33305004495a9","hash":"2a6cdefa80d36fff7039f97d4db4b212d9a15141"}
,"/Users/ming/github_things/battleship/app_web/backend/src/controllers/partidaController.js": {"path":"/Users/ming/github_things/battleship/app_web/backend/src/controllers/partidaController.js","statementMap":{"0":{"start":{"line":1,"column":16},"end":{"line":1,"column":49}},"1":{"start":{"line":2,"column":15},"end":{"line":2,"column":47}},"2":{"start":{"line":3,"column":19},"end":{"line":3,"column":48}},"3":{"start":{"line":4,"column":26},"end":{"line":4,"column":51}},"4":{"start":{"line":5,"column":19},"end":{"line":5,"column":35}},"5":{"start":{"line":20,"column":20},"end":{"line":20,"column":40}},"6":{"start":{"line":21,"column":15},"end":{"line":21,"column":51}},"7":{"start":{"line":22,"column":2},"end":{"line":22,"column":36}},"8":{"start":{"line":23,"column":17},"end":{"line":23,"column":35}},"9":{"start":{"line":24,"column":2},"end":{"line":24,"column":47}},"10":{"start":{"line":31,"column":2},"end":{"line":38,"column":3}},"11":{"start":{"line":32,"column":4},"end":{"line":37,"column":5}},"12":{"start":{"line":33,"column":6},"end":{"line":36,"column":7}},"13":{"start":{"line":34,"column":8},"end":{"line":34,"column":37}},"14":{"start":{"line":35,"column":8},"end":{"line":35,"column":33}},"15":{"start":{"line":39,"column":2},"end":{"line":39,"column":14}},"16":{"start":{"line":62,"column":0},"end":{"line":119,"column":2}},"17":{"start":{"line":63,"column":2},"end":{"line":118,"column":3}},"18":{"start":{"line":64,"column":88},"end":{"line":64,"column":96}},"19":{"start":{"line":66,"column":4},"end":{"line":70,"column":5}},"20":{"start":{"line":67,"column":6},"end":{"line":67,"column":106}},"21":{"start":{"line":68,"column":6},"end":{"line":68,"column":99}},"22":{"start":{"line":69,"column":6},"end":{"line":69,"column":13}},"23":{"start":{"line":72,"column":4},"end":{"line":76,"column":5}},"24":{"start":{"line":73,"column":6},"end":{"line":73,"column":95}},"25":{"start":{"line":74,"column":6},"end":{"line":74,"column":88}},"26":{"start":{"line":75,"column":6},"end":{"line":75,"column":13}},"27":{"start":{"line":78,"column":4},"end":{"line":83,"column":5}},"28":{"start":{"line":79,"column":28},"end":{"line":79,"column":56}},"29":{"start":{"line":80,"column":6},"end":{"line":80,"column":74}},"30":{"start":{"line":81,"column":6},"end":{"line":81,"column":67}},"31":{"start":{"line":82,"column":6},"end":{"line":82,"column":13}},"32":{"start":{"line":85,"column":20},"end":{"line":85,"column":66}},"33":{"start":{"line":86,"column":21},"end":{"line":86,"column":50}},"34":{"start":{"line":87,"column":4},"end":{"line":91,"column":5}},"35":{"start":{"line":88,"column":6},"end":{"line":88,"column":63}},"36":{"start":{"line":89,"column":6},"end":{"line":89,"column":56}},"37":{"start":{"line":90,"column":6},"end":{"line":90,"column":13}},"38":{"start":{"line":92,"column":20},"end":{"line":92,"column":66}},"39":{"start":{"line":93,"column":21},"end":{"line":93,"column":50}},"40":{"start":{"line":94,"column":4},"end":{"line":98,"column":5}},"41":{"start":{"line":95,"column":6},"end":{"line":95,"column":63}},"42":{"start":{"line":96,"column":6},"end":{"line":96,"column":56}},"43":{"start":{"line":97,"column":6},"end":{"line":97,"column":13}},"44":{"start":{"line":100,"column":27},"end":{"line":100,"column":50}},"45":{"start":{"line":101,"column":27},"end":{"line":101,"column":50}},"46":{"start":{"line":102,"column":19},"end":{"line":102,"column":34}},"47":{"start":{"line":103,"column":20},"end":{"line":110,"column":6}},"48":{"start":{"line":111,"column":28},"end":{"line":111,"column":48}},"49":{"start":{"line":112,"column":4},"end":{"line":112,"column":30}},"50":{"start":{"line":113,"column":4},"end":{"line":113,"column":61}},"51":{"start":{"line":114,"column":4},"end":{"line":114,"column":27}},"52":{"start":{"line":116,"column":4},"end":{"line":116,"column":42}},"53":{"start":{"line":117,"column":4},"end":{"line":117,"column":35}},"54":{"start":{"line":136,"column":0},"end":{"line":179,"column":2}},"55":{"start":{"line":137,"column":2},"end":{"line":178,"column":3}},"56":{"start":{"line":138,"column":52},"end":{"line":138,"column":60}},"57":{"start":{"line":140,"column":4},"end":{"line":144,"column":5}},"58":{"start":{"line":141,"column":6},"end":{"line":141,"column":84}},"59":{"start":{"line":142,"column":6},"end":{"line":142,"column":77}},"60":{"start":{"line":143,"column":6},"end":{"line":143,"column":13}},"61":{"start":{"line":146,"column":4},"end":{"line":150,"column":5}},"62":{"start":{"line":147,"column":6},"end":{"line":147,"column":66}},"63":{"start":{"line":148,"column":6},"end":{"line":148,"column":59}},"64":{"start":{"line":149,"column":6},"end":{"line":149,"column":13}},"65":{"start":{"line":152,"column":4},"end":{"line":156,"column":5}},"66":{"start":{"line":153,"column":6},"end":{"line":153,"column":56}},"67":{"start":{"line":154,"column":6},"end":{"line":154,"column":49}},"68":{"start":{"line":155,"column":6},"end":{"line":155,"column":13}},"69":{"start":{"line":158,"column":19},"end":{"line":158,"column":58}},"70":{"start":{"line":159,"column":20},"end":{"line":159,"column":49}},"71":{"start":{"line":160,"column":4},"end":{"line":173,"column":5}},"72":{"start":{"line":161,"column":30},"end":{"line":164,"column":7}},"73":{"start":{"line":165,"column":6},"end":{"line":165,"column":51}},"74":{"start":{"line":166,"column":6},"end":{"line":166,"column":32}},"75":{"start":{"line":167,"column":6},"end":{"line":167,"column":35}},"76":{"start":{"line":168,"column":6},"end":{"line":168,"column":29}},"77":{"start":{"line":170,"column":6},"end":{"line":170,"column":52}},"78":{"start":{"line":171,"column":6},"end":{"line":171,"column":45}},"79":{"start":{"line":172,"column":6},"end":{"line":172,"column":13}},"80":{"start":{"line":175,"column":4},"end":{"line":175,"column":42}},"81":{"start":{"line":176,"column":4},"end":{"line":176,"column":35}},"82":{"start":{"line":177,"column":4},"end":{"line":177,"column":11}},"83":{"start":{"line":196,"column":0},"end":{"line":238,"column":2}},"84":{"start":{"line":197,"column":2},"end":{"line":237,"column":3}},"85":{"start":{"line":198,"column":52},"end":{"line":198,"column":60}},"86":{"start":{"line":200,"column":4},"end":{"line":204,"column":5}},"87":{"start":{"line":201,"column":6},"end":{"line":201,"column":84}},"88":{"start":{"line":202,"column":6},"end":{"line":202,"column":77}},"89":{"start":{"line":203,"column":6},"end":{"line":203,"column":13}},"90":{"start":{"line":206,"column":4},"end":{"line":210,"column":5}},"91":{"start":{"line":207,"column":6},"end":{"line":207,"column":66}},"92":{"start":{"line":208,"column":6},"end":{"line":208,"column":59}},"93":{"start":{"line":209,"column":6},"end":{"line":209,"column":13}},"94":{"start":{"line":212,"column":4},"end":{"line":216,"column":5}},"95":{"start":{"line":213,"column":6},"end":{"line":213,"column":56}},"96":{"start":{"line":214,"column":6},"end":{"line":214,"column":49}},"97":{"start":{"line":215,"column":6},"end":{"line":215,"column":13}},"98":{"start":{"line":218,"column":19},"end":{"line":218,"column":58}},"99":{"start":{"line":219,"column":20},"end":{"line":219,"column":49}},"100":{"start":{"line":220,"column":4},"end":{"line":232,"column":5}},"101":{"start":{"line":221,"column":22},"end":{"line":223,"column":7}},"102":{"start":{"line":224,"column":6},"end":{"line":224,"column":56}},"103":{"start":{"line":225,"column":6},"end":{"line":225,"column":24}},"104":{"start":{"line":226,"column":6},"end":{"line":226,"column":27}},"105":{"start":{"line":227,"column":6},"end":{"line":227,"column":21}},"106":{"start":{"line":229,"column":6},"end":{"line":229,"column":52}},"107":{"start":{"line":230,"column":6},"end":{"line":230,"column":45}},"108":{"start":{"line":231,"column":6},"end":{"line":231,"column":13}},"109":{"start":{"line":234,"column":4},"end":{"line":234,"column":42}},"110":{"start":{"line":235,"column":4},"end":{"line":235,"column":35}},"111":{"start":{"line":236,"column":4},"end":{"line":236,"column":11}},"112":{"start":{"line":254,"column":0},"end":{"line":293,"column":2}},"113":{"start":{"line":255,"column":2},"end":{"line":292,"column":3}},"114":{"start":{"line":256,"column":43},"end":{"line":256,"column":51}},"115":{"start":{"line":258,"column":4},"end":{"line":262,"column":5}},"116":{"start":{"line":259,"column":6},"end":{"line":259,"column":74}},"117":{"start":{"line":260,"column":6},"end":{"line":260,"column":67}},"118":{"start":{"line":261,"column":6},"end":{"line":261,"column":13}},"119":{"start":{"line":264,"column":4},"end":{"line":268,"column":5}},"120":{"start":{"line":265,"column":6},"end":{"line":265,"column":54}},"121":{"start":{"line":266,"column":6},"end":{"line":266,"column":47}},"122":{"start":{"line":267,"column":6},"end":{"line":267,"column":13}},"123":{"start":{"line":270,"column":19},"end":{"line":270,"column":58}},"124":{"start":{"line":271,"column":20},"end":{"line":271,"column":49}},"125":{"start":{"line":272,"column":4},"end":{"line":287,"column":5}},"126":{"start":{"line":273,"column":23},"end":{"line":278,"column":7}},"127":{"start":{"line":279,"column":6},"end":{"line":279,"column":50}},"128":{"start":{"line":280,"column":6},"end":{"line":280,"column":25}},"129":{"start":{"line":281,"column":6},"end":{"line":281,"column":28}},"130":{"start":{"line":282,"column":6},"end":{"line":282,"column":22}},"131":{"start":{"line":284,"column":6},"end":{"line":284,"column":52}},"132":{"start":{"line":285,"column":6},"end":{"line":285,"column":45}},"133":{"start":{"line":286,"column":6},"end":{"line":286,"column":13}},"134":{"start":{"line":289,"column":4},"end":{"line":289,"column":42}},"135":{"start":{"line":290,"column":4},"end":{"line":290,"column":35}},"136":{"start":{"line":291,"column":4},"end":{"line":291,"column":11}},"137":{"start":{"line":312,"column":0},"end":{"line":406,"column":2}},"138":{"start":{"line":313,"column":2},"end":{"line":405,"column":3}},"139":{"start":{"line":314,"column":58},"end":{"line":314,"column":66}},"140":{"start":{"line":316,"column":4},"end":{"line":320,"column":5}},"141":{"start":{"line":317,"column":6},"end":{"line":317,"column":89}},"142":{"start":{"line":318,"column":6},"end":{"line":318,"column":82}},"143":{"start":{"line":319,"column":6},"end":{"line":319,"column":13}},"144":{"start":{"line":322,"column":4},"end":{"line":326,"column":5}},"145":{"start":{"line":323,"column":6},"end":{"line":323,"column":104}},"146":{"start":{"line":324,"column":6},"end":{"line":324,"column":97}},"147":{"start":{"line":325,"column":6},"end":{"line":325,"column":13}},"148":{"start":{"line":328,"column":4},"end":{"line":332,"column":5}},"149":{"start":{"line":329,"column":6},"end":{"line":329,"column":56}},"150":{"start":{"line":330,"column":6},"end":{"line":330,"column":49}},"151":{"start":{"line":331,"column":6},"end":{"line":331,"column":13}},"152":{"start":{"line":334,"column":4},"end":{"line":338,"column":5}},"153":{"start":{"line":335,"column":6},"end":{"line":335,"column":76}},"154":{"start":{"line":336,"column":6},"end":{"line":336,"column":69}},"155":{"start":{"line":337,"column":6},"end":{"line":337,"column":13}},"156":{"start":{"line":340,"column":19},"end":{"line":340,"column":58}},"157":{"start":{"line":341,"column":20},"end":{"line":341,"column":49}},"158":{"start":{"line":342,"column":4},"end":{"line":401,"column":5}},"159":{"start":{"line":344,"column":6},"end":{"line":348,"column":7}},"160":{"start":{"line":345,"column":8},"end":{"line":345,"column":62}},"161":{"start":{"line":346,"column":8},"end":{"line":346,"column":55}},"162":{"start":{"line":347,"column":8},"end":{"line":347,"column":15}},"163":{"start":{"line":350,"column":31},"end":{"line":350,"column":104}},"164":{"start":{"line":351,"column":30},"end":{"line":351,"column":100}},"165":{"start":{"line":351,"column":65},"end":{"line":351,"column":99}},"166":{"start":{"line":352,"column":6},"end":{"line":356,"column":7}},"167":{"start":{"line":353,"column":8},"end":{"line":353,"column":53}},"168":{"start":{"line":354,"column":8},"end":{"line":354,"column":46}},"169":{"start":{"line":355,"column":8},"end":{"line":355,"column":15}},"170":{"start":{"line":359,"column":24},"end":{"line":360,"column":54}},"171":{"start":{"line":362,"column":20},"end":{"line":362,"column":44}},"172":{"start":{"line":363,"column":6},"end":{"line":372,"column":7}},"173":{"start":{"line":364,"column":8},"end":{"line":365,"column":69}},"174":{"start":{"line":364,"column":40},"end":{"line":364,"column":70}},"175":{"start":{"line":365,"column":38},"end":{"line":365,"column":67}},"176":{"start":{"line":366,"column":8},"end":{"line":366,"column":34}},"177":{"start":{"line":369,"column":8},"end":{"line":369,"column":32}},"178":{"start":{"line":373,"column":6},"end":{"line":373,"column":39}},"179":{"start":{"line":374,"column":6},"end":{"line":374,"column":122}},"180":{"start":{"line":377,"column":32},"end":{"line":381,"column":7}},"181":{"start":{"line":383,"column":6},"end":{"line":397,"column":7}},"182":{"start":{"line":384,"column":32},"end":{"line":384,"column":49}},"183":{"start":{"line":387,"column":33},"end":{"line":390,"column":9}},"184":{"start":{"line":392,"column":8},"end":{"line":392,"column":35}},"185":{"start":{"line":393,"column":8},"end":{"line":393,"column":52}},"186":{"start":{"line":395,"column":8},"end":{"line":395,"column":76}},"187":{"start":{"line":396,"column":8},"end":{"line":396,"column":69}},"188":{"start":{"line":399,"column":6},"end":{"line":399,"column":52}},"189":{"start":{"line":400,"column":6},"end":{"line":400,"column":45}},"190":{"start":{"line":403,"column":4},"end":{"line":403,"column":42}},"191":{"start":{"line":404,"column":4},"end":{"line":404,"column":35}},"192":{"start":{"line":427,"column":0},"end":{"line":447,"column":2}},"193":{"start":{"line":428,"column":2},"end":{"line":446,"column":3}},"194":{"start":{"line":429,"column":32},"end":{"line":429,"column":40}},"195":{"start":{"line":430,"column":20},"end":{"line":430,"column":50}},"196":{"start":{"line":431,"column":4},"end":{"line":443,"column":5}},"197":{"start":{"line":432,"column":6},"end":{"line":438,"column":7}},"198":{"start":{"line":433,"column":8},"end":{"line":433,"column":41}},"199":{"start":{"line":434,"column":8},"end":{"line":434,"column":47}},"200":{"start":{"line":436,"column":8},"end":{"line":436,"column":41}},"201":{"start":{"line":437,"column":8},"end":{"line":437,"column":47}},"202":{"start":{"line":439,"column":30},"end":{"line":439,"column":50}},"203":{"start":{"line":440,"column":6},"end":{"line":440,"column":32}},"204":{"start":{"line":442,"column":6},"end":{"line":442,"column":52}},"205":{"start":{"line":445,"column":4},"end":{"line":445,"column":42}},"206":{"start":{"line":450,"column":35},"end":{"line":450,"column":64}},"207":{"start":{"line":451,"column":16},"end":{"line":451,"column":42}},"208":{"start":{"line":470,"column":0},"end":{"line":509,"column":2}},"209":{"start":{"line":471,"column":2},"end":{"line":508,"column":3}},"210":{"start":{"line":472,"column":23},"end":{"line":472,"column":31}},"211":{"start":{"line":473,"column":20},"end":{"line":473,"column":50}},"212":{"start":{"line":474,"column":4},"end":{"line":505,"column":5}},"213":{"start":{"line":476,"column":29},"end":{"line":484,"column":7}},"214":{"start":{"line":479,"column":69},"end":{"line":479,"column":87}},"215":{"start":{"line":480,"column":69},"end":{"line":480,"column":87}},"216":{"start":{"line":481,"column":79},"end":{"line":481,"column":144}},"217":{"start":{"line":482,"column":78},"end":{"line":482,"column":106}},"218":{"start":{"line":485,"column":29},"end":{"line":493,"column":7}},"219":{"start":{"line":488,"column":69},"end":{"line":488,"column":87}},"220":{"start":{"line":489,"column":69},"end":{"line":489,"column":87}},"221":{"start":{"line":490,"column":79},"end":{"line":490,"column":144}},"222":{"start":{"line":491,"column":78},"end":{"line":491,"column":106}},"223":{"start":{"line":496,"column":19},"end":{"line":496,"column":43}},"224":{"start":{"line":497,"column":19},"end":{"line":497,"column":43}},"225":{"start":{"line":498,"column":19},"end":{"line":498,"column":73}},"226":{"start":{"line":498,"column":52},"end":{"line":498,"column":70}},"227":{"start":{"line":499,"column":19},"end":{"line":499,"column":73}},"228":{"start":{"line":499,"column":52},"end":{"line":499,"column":70}},"229":{"start":{"line":500,"column":6},"end":{"line":500,"column":47}},"230":{"start":{"line":501,"column":6},"end":{"line":501,"column":47}},"231":{"start":{"line":502,"column":6},"end":{"line":502,"column":51}},"232":{"start":{"line":504,"column":6},"end":{"line":504,"column":52}},"233":{"start":{"line":507,"column":4},"end":{"line":507,"column":42}},"234":{"start":{"line":526,"column":0},"end":{"line":551,"column":2}},"235":{"start":{"line":527,"column":2},"end":{"line":550,"column":3}},"236":{"start":{"line":528,"column":44},"end":{"line":528,"column":52}},"237":{"start":{"line":529,"column":4},"end":{"line":533,"column":5}},"238":{"start":{"line":530,"column":6},"end":{"line":530,"column":90}},"239":{"start":{"line":531,"column":6},"end":{"line":531,"column":83}},"240":{"start":{"line":532,"column":6},"end":{"line":532,"column":13}},"241":{"start":{"line":534,"column":4},"end":{"line":538,"column":5}},"242":{"start":{"line":535,"column":6},"end":{"line":535,"column":57}},"243":{"start":{"line":536,"column":6},"end":{"line":536,"column":50}},"244":{"start":{"line":537,"column":6},"end":{"line":537,"column":13}},"245":{"start":{"line":539,"column":19},"end":{"line":539,"column":58}},"246":{"start":{"line":540,"column":20},"end":{"line":540,"column":49}},"247":{"start":{"line":541,"column":4},"end":{"line":546,"column":5}},"248":{"start":{"line":542,"column":6},"end":{"line":542,"column":29}},"249":{"start":{"line":544,"column":6},"end":{"line":544,"column":52}},"250":{"start":{"line":545,"column":6},"end":{"line":545,"column":45}},"251":{"start":{"line":548,"column":4},"end":{"line":548,"column":42}},"252":{"start":{"line":549,"column":4},"end":{"line":549,"column":35}},"253":{"start":{"line":570,"column":0},"end":{"line":619,"column":2}},"254":{"start":{"line":571,"column":2},"end":{"line":618,"column":3}},"255":{"start":{"line":572,"column":59},"end":{"line":572,"column":67}},"256":{"start":{"line":574,"column":4},"end":{"line":578,"column":5}},"257":{"start":{"line":575,"column":6},"end":{"line":575,"column":90}},"258":{"start":{"line":576,"column":6},"end":{"line":576,"column":83}},"259":{"start":{"line":577,"column":6},"end":{"line":577,"column":13}},"260":{"start":{"line":580,"column":4},"end":{"line":584,"column":5}},"261":{"start":{"line":581,"column":6},"end":{"line":581,"column":105}},"262":{"start":{"line":582,"column":6},"end":{"line":582,"column":98}},"263":{"start":{"line":583,"column":6},"end":{"line":583,"column":13}},"264":{"start":{"line":586,"column":4},"end":{"line":590,"column":5}},"265":{"start":{"line":587,"column":6},"end":{"line":587,"column":56}},"266":{"start":{"line":588,"column":6},"end":{"line":588,"column":49}},"267":{"start":{"line":589,"column":6},"end":{"line":589,"column":13}},"268":{"start":{"line":592,"column":19},"end":{"line":592,"column":58}},"269":{"start":{"line":593,"column":20},"end":{"line":593,"column":49}},"270":{"start":{"line":594,"column":4},"end":{"line":614,"column":5}},"271":{"start":{"line":595,"column":17},"end":{"line":595,"column":29}},"272":{"start":{"line":596,"column":6},"end":{"line":596,"column":59}},"273":{"start":{"line":599,"column":32},"end":{"line":603,"column":7}},"274":{"start":{"line":604,"column":6},"end":{"line":610,"column":7}},"275":{"start":{"line":605,"column":8},"end":{"line":605,"column":37}},"276":{"start":{"line":606,"column":8},"end":{"line":606,"column":52}},"277":{"start":{"line":608,"column":8},"end":{"line":608,"column":76}},"278":{"start":{"line":609,"column":8},"end":{"line":609,"column":69}},"279":{"start":{"line":612,"column":6},"end":{"line":612,"column":45}},"280":{"start":{"line":613,"column":6},"end":{"line":613,"column":52}},"281":{"start":{"line":616,"column":4},"end":{"line":616,"column":42}},"282":{"start":{"line":617,"column":4},"end":{"line":617,"column":42}}},"fnMap":{"0":{"name":"generarCodigo","decl":{"start":{"line":19,"column":9},"end":{"line":19,"column":22}},"loc":{"start":{"line":19,"column":25},"end":{"line":25,"column":1}},"line":19},"1":{"name":"dispararCoordenada","decl":{"start":{"line":30,"column":9},"end":{"line":30,"column":27}},"loc":{"start":{"line":30,"column":43},"end":{"line":40,"column":1}},"line":30},"2":{"name":"(anonymous_2)","decl":{"start":{"line":62,"column":23},"end":{"line":62,"column":24}},"loc":{"start":{"line":62,"column":43},"end":{"line":119,"column":1}},"line":62},"3":{"name":"(anonymous_3)","decl":{"start":{"line":136,"column":27},"end":{"line":136,"column":28}},"loc":{"start":{"line":136,"column":47},"end":{"line":179,"column":1}},"line":136},"4":{"name":"(anonymous_4)","decl":{"start":{"line":196,"column":32},"end":{"line":196,"column":33}},"loc":{"start":{"line":196,"column":52},"end":{"line":238,"column":1}},"line":196},"5":{"name":"(anonymous_5)","decl":{"start":{"line":254,"column":26},"end":{"line":254,"column":27}},"loc":{"start":{"line":254,"column":46},"end":{"line":293,"column":1}},"line":254},"6":{"name":"(anonymous_6)","decl":{"start":{"line":312,"column":26},"end":{"line":312,"column":27}},"loc":{"start":{"line":312,"column":46},"end":{"line":406,"column":1}},"line":312},"7":{"name":"(anonymous_7)","decl":{"start":{"line":351,"column":54},"end":{"line":351,"column":55}},"loc":{"start":{"line":351,"column":65},"end":{"line":351,"column":99}},"line":351},"8":{"name":"(anonymous_8)","decl":{"start":{"line":364,"column":26},"end":{"line":364,"column":27}},"loc":{"start":{"line":364,"column":40},"end":{"line":364,"column":70}},"line":364},"9":{"name":"(anonymous_9)","decl":{"start":{"line":365,"column":24},"end":{"line":365,"column":25}},"loc":{"start":{"line":365,"column":38},"end":{"line":365,"column":67}},"line":365},"10":{"name":"(anonymous_10)","decl":{"start":{"line":427,"column":34},"end":{"line":427,"column":35}},"loc":{"start":{"line":427,"column":54},"end":{"line":447,"column":1}},"line":427},"11":{"name":"(anonymous_11)","decl":{"start":{"line":470,"column":40},"end":{"line":470,"column":41}},"loc":{"start":{"line":470,"column":60},"end":{"line":509,"column":1}},"line":470},"12":{"name":"(anonymous_12)","decl":{"start":{"line":479,"column":60},"end":{"line":479,"column":61}},"loc":{"start":{"line":479,"column":69},"end":{"line":479,"column":87}},"line":479},"13":{"name":"(anonymous_13)","decl":{"start":{"line":480,"column":60},"end":{"line":480,"column":61}},"loc":{"start":{"line":480,"column":69},"end":{"line":480,"column":87}},"line":480},"14":{"name":"(anonymous_14)","decl":{"start":{"line":481,"column":68},"end":{"line":481,"column":69}},"loc":{"start":{"line":481,"column":79},"end":{"line":481,"column":144}},"line":481},"15":{"name":"(anonymous_15)","decl":{"start":{"line":482,"column":67},"end":{"line":482,"column":68}},"loc":{"start":{"line":482,"column":78},"end":{"line":482,"column":106}},"line":482},"16":{"name":"(anonymous_16)","decl":{"start":{"line":488,"column":60},"end":{"line":488,"column":61}},"loc":{"start":{"line":488,"column":69},"end":{"line":488,"column":87}},"line":488},"17":{"name":"(anonymous_17)","decl":{"start":{"line":489,"column":60},"end":{"line":489,"column":61}},"loc":{"start":{"line":489,"column":69},"end":{"line":489,"column":87}},"line":489},"18":{"name":"(anonymous_18)","decl":{"start":{"line":490,"column":68},"end":{"line":490,"column":69}},"loc":{"start":{"line":490,"column":79},"end":{"line":490,"column":144}},"line":490},"19":{"name":"(anonymous_19)","decl":{"start":{"line":491,"column":67},"end":{"line":491,"column":68}},"loc":{"start":{"line":491,"column":78},"end":{"line":491,"column":106}},"line":491},"20":{"name":"(anonymous_20)","decl":{"start":{"line":498,"column":27},"end":{"line":498,"column":28}},"loc":{"start":{"line":498,"column":33},"end":{"line":498,"column":35}},"line":498},"21":{"name":"(anonymous_21)","decl":{"start":{"line":498,"column":45},"end":{"line":498,"column":46}},"loc":{"start":{"line":498,"column":52},"end":{"line":498,"column":70}},"line":498},"22":{"name":"(anonymous_22)","decl":{"start":{"line":498,"column":60},"end":{"line":498,"column":61}},"loc":{"start":{"line":498,"column":66},"end":{"line":498,"column":68}},"line":498},"23":{"name":"(anonymous_23)","decl":{"start":{"line":499,"column":27},"end":{"line":499,"column":28}},"loc":{"start":{"line":499,"column":33},"end":{"line":499,"column":35}},"line":499},"24":{"name":"(anonymous_24)","decl":{"start":{"line":499,"column":45},"end":{"line":499,"column":46}},"loc":{"start":{"line":499,"column":52},"end":{"line":499,"column":70}},"line":499},"25":{"name":"(anonymous_25)","decl":{"start":{"line":499,"column":60},"end":{"line":499,"column":61}},"loc":{"start":{"line":499,"column":66},"end":{"line":499,"column":68}},"line":499},"26":{"name":"(anonymous_26)","decl":{"start":{"line":526,"column":22},"end":{"line":526,"column":23}},"loc":{"start":{"line":526,"column":42},"end":{"line":551,"column":1}},"line":526},"27":{"name":"(anonymous_27)","decl":{"start":{"line":570,"column":24},"end":{"line":570,"column":25}},"loc":{"start":{"line":570,"column":44},"end":{"line":619,"column":1}},"line":570}},"branchMap":{"0":{"loc":{"start":{"line":33,"column":6},"end":{"line":36,"column":7}},"type":"if","locations":[{"start":{"line":33,"column":6},"end":{"line":36,"column":7}},{"start":{},"end":{}}],"line":33},"1":{"loc":{"start":{"line":33,"column":10},"end":{"line":33,"column":50}},"type":"binary-expr","locations":[{"start":{"line":33,"column":10},"end":{"line":33,"column":28}},{"start":{"line":33,"column":32},"end":{"line":33,"column":50}}],"line":33},"2":{"loc":{"start":{"line":64,"column":46},"end":{"line":64,"column":68}},"type":"default-arg","locations":[{"start":{"line":64,"column":54},"end":{"line":64,"column":68}}],"line":64},"3":{"loc":{"start":{"line":66,"column":4},"end":{"line":70,"column":5}},"type":"if","locations":[{"start":{"line":66,"column":4},"end":{"line":70,"column":5}},{"start":{},"end":{}}],"line":66},"4":{"loc":{"start":{"line":72,"column":4},"end":{"line":76,"column":5}},"type":"if","locations":[{"start":{"line":72,"column":4},"end":{"line":76,"column":5}},{"start":{},"end":{}}],"line":72},"5":{"loc":{"start":{"line":72,"column":8},"end":{"line":72,"column":50}},"type":"binary-expr","locations":[{"start":{"line":72,"column":8},"end":{"line":72,"column":18}},{"start":{"line":72,"column":22},"end":{"line":72,"column":27}},{"start":{"line":72,"column":31},"end":{"line":72,"column":41}},{"start":{"line":72,"column":45},"end":{"line":72,"column":50}}],"line":72},"6":{"loc":{"start":{"line":78,"column":4},"end":{"line":83,"column":5}},"type":"if","locations":[{"start":{"line":78,"column":4},"end":{"line":83,"column":5}},{"start":{},"end":{}}],"line":78},"7":{"loc":{"start":{"line":85,"column":20},"end":{"line":85,"column":66}},"type":"cond-expr","locations":[{"start":{"line":85,"column":27},"end":{"line":85,"column":40}},{"start":{"line":85,"column":43},"end":{"line":85,"column":66}}],"line":85},"8":{"loc":{"start":{"line":87,"column":4},"end":{"line":91,"column":5}},"type":"if","locations":[{"start":{"line":87,"column":4},"end":{"line":91,"column":5}},{"start":{},"end":{}}],"line":87},"9":{"loc":{"start":{"line":92,"column":20},"end":{"line":92,"column":66}},"type":"cond-expr","locations":[{"start":{"line":92,"column":27},"end":{"line":92,"column":40}},{"start":{"line":92,"column":43},"end":{"line":92,"column":66}}],"line":92},"10":{"loc":{"start":{"line":94,"column":4},"end":{"line":98,"column":5}},"type":"if","locations":[{"start":{"line":94,"column":4},"end":{"line":98,"column":5}},{"start":{},"end":{}}],"line":94},"11":{"loc":{"start":{"line":140,"column":4},"end":{"line":144,"column":5}},"type":"if","locations":[{"start":{"line":140,"column":4},"end":{"line":144,"column":5}},{"start":{},"end":{}}],"line":140},"12":{"loc":{"start":{"line":146,"column":4},"end":{"line":150,"column":5}},"type":"if","locations":[{"start":{"line":146,"column":4},"end":{"line":150,"column":5}},{"start":{},"end":{}}],"line":146},"13":{"loc":{"start":{"line":146,"column":8},"end":{"line":146,"column":35}},"type":"binary-expr","locations":[{"start":{"line":146,"column":8},"end":{"line":146,"column":15}},{"start":{"line":146,"column":19},"end":{"line":146,"column":23}},{"start":{"line":146,"column":27},"end":{"line":146,"column":35}}],"line":146},"14":{"loc":{"start":{"line":152,"column":4},"end":{"line":156,"column":5}},"type":"if","locations":[{"start":{"line":152,"column":4},"end":{"line":156,"column":5}},{"start":{},"end":{}}],"line":152},"15":{"loc":{"start":{"line":152,"column":8},"end":{"line":152,"column":38}},"type":"binary-expr","locations":[{"start":{"line":152,"column":8},"end":{"line":152,"column":21}},{"start":{"line":152,"column":25},"end":{"line":152,"column":38}}],"line":152},"16":{"loc":{"start":{"line":158,"column":19},"end":{"line":158,"column":58}},"type":"cond-expr","locations":[{"start":{"line":158,"column":25},"end":{"line":158,"column":37}},{"start":{"line":158,"column":40},"end":{"line":158,"column":58}}],"line":158},"17":{"loc":{"start":{"line":160,"column":4},"end":{"line":173,"column":5}},"type":"if","locations":[{"start":{"line":160,"column":4},"end":{"line":173,"column":5}},{"start":{"line":169,"column":11},"end":{"line":173,"column":5}}],"line":160},"18":{"loc":{"start":{"line":162,"column":23},"end":{"line":162,"column":86}},"type":"cond-expr","locations":[{"start":{"line":162,"column":39},"end":{"line":162,"column":61}},{"start":{"line":162,"column":64},"end":{"line":162,"column":86}}],"line":162},"19":{"loc":{"start":{"line":163,"column":28},"end":{"line":163,"column":101}},"type":"cond-expr","locations":[{"start":{"line":163,"column":44},"end":{"line":163,"column":71}},{"start":{"line":163,"column":74},"end":{"line":163,"column":101}}],"line":163},"20":{"loc":{"start":{"line":200,"column":4},"end":{"line":204,"column":5}},"type":"if","locations":[{"start":{"line":200,"column":4},"end":{"line":204,"column":5}},{"start":{},"end":{}}],"line":200},"21":{"loc":{"start":{"line":206,"column":4},"end":{"line":210,"column":5}},"type":"if","locations":[{"start":{"line":206,"column":4},"end":{"line":210,"column":5}},{"start":{},"end":{}}],"line":206},"22":{"loc":{"start":{"line":206,"column":8},"end":{"line":206,"column":35}},"type":"binary-expr","locations":[{"start":{"line":206,"column":8},"end":{"line":206,"column":15}},{"start":{"line":206,"column":19},"end":{"line":206,"column":23}},{"start":{"line":206,"column":27},"end":{"line":206,"column":35}}],"line":206},"23":{"loc":{"start":{"line":212,"column":4},"end":{"line":216,"column":5}},"type":"if","locations":[{"start":{"line":212,"column":4},"end":{"line":216,"column":5}},{"start":{},"end":{}}],"line":212},"24":{"loc":{"start":{"line":212,"column":8},"end":{"line":212,"column":38}},"type":"binary-expr","locations":[{"start":{"line":212,"column":8},"end":{"line":212,"column":21}},{"start":{"line":212,"column":25},"end":{"line":212,"column":38}}],"line":212},"25":{"loc":{"start":{"line":218,"column":19},"end":{"line":218,"column":58}},"type":"cond-expr","locations":[{"start":{"line":218,"column":25},"end":{"line":218,"column":37}},{"start":{"line":218,"column":40},"end":{"line":218,"column":58}}],"line":218},"26":{"loc":{"start":{"line":220,"column":4},"end":{"line":232,"column":5}},"type":"if","locations":[{"start":{"line":220,"column":4},"end":{"line":232,"column":5}},{"start":{"line":228,"column":11},"end":{"line":232,"column":5}}],"line":220},"27":{"loc":{"start":{"line":222,"column":23},"end":{"line":222,"column":86}},"type":"cond-expr","locations":[{"start":{"line":222,"column":39},"end":{"line":222,"column":61}},{"start":{"line":222,"column":64},"end":{"line":222,"column":86}}],"line":222},"28":{"loc":{"start":{"line":258,"column":4},"end":{"line":262,"column":5}},"type":"if","locations":[{"start":{"line":258,"column":4},"end":{"line":262,"column":5}},{"start":{},"end":{}}],"line":258},"29":{"loc":{"start":{"line":264,"column":4},"end":{"line":268,"column":5}},"type":"if","locations":[{"start":{"line":264,"column":4},"end":{"line":268,"column":5}},{"start":{},"end":{}}],"line":264},"30":{"loc":{"start":{"line":264,"column":8},"end":{"line":264,"column":23}},"type":"binary-expr","locations":[{"start":{"line":264,"column":8},"end":{"line":264,"column":15}},{"start":{"line":264,"column":19},"end":{"line":264,"column":23}}],"line":264},"31":{"loc":{"start":{"line":270,"column":19},"end":{"line":270,"column":58}},"type":"cond-expr","locations":[{"start":{"line":270,"column":25},"end":{"line":270,"column":37}},{"start":{"line":270,"column":40},"end":{"line":270,"column":58}}],"line":270},"32":{"loc":{"start":{"line":272,"column":4},"end":{"line":287,"column":5}},"type":"if","locations":[{"start":{"line":272,"column":4},"end":{"line":287,"column":5}},{"start":{"line":283,"column":11},"end":{"line":287,"column":5}}],"line":272},"33":{"loc":{"start":{"line":316,"column":4},"end":{"line":320,"column":5}},"type":"if","locations":[{"start":{"line":316,"column":4},"end":{"line":320,"column":5}},{"start":{},"end":{}}],"line":316},"34":{"loc":{"start":{"line":322,"column":4},"end":{"line":326,"column":5}},"type":"if","locations":[{"start":{"line":322,"column":4},"end":{"line":326,"column":5}},{"start":{},"end":{}}],"line":322},"35":{"loc":{"start":{"line":322,"column":8},"end":{"line":322,"column":47}},"type":"binary-expr","locations":[{"start":{"line":322,"column":8},"end":{"line":322,"column":15}},{"start":{"line":322,"column":19},"end":{"line":322,"column":23}},{"start":{"line":322,"column":27},"end":{"line":322,"column":35}},{"start":{"line":322,"column":39},"end":{"line":322,"column":41}},{"start":{"line":322,"column":45},"end":{"line":322,"column":47}}],"line":322},"36":{"loc":{"start":{"line":328,"column":4},"end":{"line":332,"column":5}},"type":"if","locations":[{"start":{"line":328,"column":4},"end":{"line":332,"column":5}},{"start":{},"end":{}}],"line":328},"37":{"loc":{"start":{"line":328,"column":8},"end":{"line":328,"column":38}},"type":"binary-expr","locations":[{"start":{"line":328,"column":8},"end":{"line":328,"column":21}},{"start":{"line":328,"column":25},"end":{"line":328,"column":38}}],"line":328},"38":{"loc":{"start":{"line":334,"column":4},"end":{"line":338,"column":5}},"type":"if","locations":[{"start":{"line":334,"column":4},"end":{"line":338,"column":5}},{"start":{},"end":{}}],"line":334},"39":{"loc":{"start":{"line":334,"column":8},"end":{"line":334,"column":58}},"type":"binary-expr","locations":[{"start":{"line":334,"column":8},"end":{"line":334,"column":13}},{"start":{"line":334,"column":17},"end":{"line":334,"column":31}},{"start":{"line":334,"column":35},"end":{"line":334,"column":40}},{"start":{"line":334,"column":44},"end":{"line":334,"column":58}}],"line":334},"40":{"loc":{"start":{"line":340,"column":19},"end":{"line":340,"column":58}},"type":"cond-expr","locations":[{"start":{"line":340,"column":25},"end":{"line":340,"column":37}},{"start":{"line":340,"column":40},"end":{"line":340,"column":58}}],"line":340},"41":{"loc":{"start":{"line":342,"column":4},"end":{"line":401,"column":5}},"type":"if","locations":[{"start":{"line":342,"column":4},"end":{"line":401,"column":5}},{"start":{"line":398,"column":11},"end":{"line":401,"column":5}}],"line":342},"42":{"loc":{"start":{"line":344,"column":6},"end":{"line":348,"column":7}},"type":"if","locations":[{"start":{"line":344,"column":6},"end":{"line":348,"column":7}},{"start":{},"end":{}}],"line":344},"43":{"loc":{"start":{"line":350,"column":31},"end":{"line":350,"column":104}},"type":"cond-expr","locations":[{"start":{"line":350,"column":47},"end":{"line":350,"column":74}},{"start":{"line":350,"column":77},"end":{"line":350,"column":104}}],"line":350},"44":{"loc":{"start":{"line":351,"column":65},"end":{"line":351,"column":99}},"type":"binary-expr","locations":[{"start":{"line":351,"column":65},"end":{"line":351,"column":80}},{"start":{"line":351,"column":84},"end":{"line":351,"column":99}}],"line":351},"45":{"loc":{"start":{"line":352,"column":6},"end":{"line":356,"column":7}},"type":"if","locations":[{"start":{"line":352,"column":6},"end":{"line":356,"column":7}},{"start":{},"end":{}}],"line":352},"46":{"loc":{"start":{"line":359,"column":24},"end":{"line":360,"column":54}},"type":"cond-expr","locations":[{"start":{"line":359,"column":40},"end":{"line":359,"column":88}},{"start":{"line":360,"column":6},"end":{"line":360,"column":54}}],"line":359},"47":{"loc":{"start":{"line":363,"column":6},"end":{"line":372,"column":7}},"type":"if","locations":[{"start":{"line":363,"column":6},"end":{"line":372,"column":7}},{"start":{"line":367,"column":13},"end":{"line":372,"column":7}}],"line":363},"48":{"loc":{"start":{"line":364,"column":8},"end":{"line":365,"column":68}},"type":"binary-expr","locations":[{"start":{"line":364,"column":8},"end":{"line":364,"column":71}},{"start":{"line":365,"column":8},"end":{"line":365,"column":68}}],"line":364},"49":{"loc":{"start":{"line":374,"column":6},"end":{"line":374,"column":121}},"type":"cond-expr","locations":[{"start":{"line":374,"column":22},"end":{"line":374,"column":70}},{"start":{"line":374,"column":73},"end":{"line":374,"column":121}}],"line":374},"50":{"loc":{"start":{"line":383,"column":6},"end":{"line":397,"column":7}},"type":"if","locations":[{"start":{"line":383,"column":6},"end":{"line":397,"column":7}},{"start":{"line":394,"column":13},"end":{"line":397,"column":7}}],"line":383},"51":{"loc":{"start":{"line":431,"column":4},"end":{"line":443,"column":5}},"type":"if","locations":[{"start":{"line":431,"column":4},"end":{"line":443,"column":5}},{"start":{"line":441,"column":11},"end":{"line":443,"column":5}}],"line":431},"52":{"loc":{"start":{"line":432,"column":6},"end":{"line":438,"column":7}},"type":"if","locations":[{"start":{"line":432,"column":6},"end":{"line":438,"column":7}},{"start":{"line":435,"column":13},"end":{"line":438,"column":7}}],"line":432},"53":{"loc":{"start":{"line":474,"column":4},"end":{"line":505,"column":5}},"type":"if","locations":[{"start":{"line":474,"column":4},"end":{"line":505,"column":5}},{"start":{"line":503,"column":11},"end":{"line":505,"column":5}}],"line":474},"54":{"loc":{"start":{"line":478,"column":18},"end":{"line":478,"column":62}},"type":"cond-expr","locations":[{"start":{"line":478,"column":57},"end":{"line":478,"column":58}},{"start":{"line":478,"column":61},"end":{"line":478,"column":62}}],"line":478},"55":{"loc":{"start":{"line":481,"column":79},"end":{"line":481,"column":144}},"type":"binary-expr","locations":[{"start":{"line":481,"column":79},"end":{"line":481,"column":109}},{"start":{"line":481,"column":113},"end":{"line":481,"column":144}}],"line":481},"56":{"loc":{"start":{"line":487,"column":18},"end":{"line":487,"column":62}},"type":"cond-expr","locations":[{"start":{"line":487,"column":57},"end":{"line":487,"column":58}},{"start":{"line":487,"column":61},"end":{"line":487,"column":62}}],"line":487},"57":{"loc":{"start":{"line":490,"column":79},"end":{"line":490,"column":144}},"type":"binary-expr","locations":[{"start":{"line":490,"column":79},"end":{"line":490,"column":109}},{"start":{"line":490,"column":113},"end":{"line":490,"column":144}}],"line":490},"58":{"loc":{"start":{"line":529,"column":4},"end":{"line":533,"column":5}},"type":"if","locations":[{"start":{"line":529,"column":4},"end":{"line":533,"column":5}},{"start":{},"end":{}}],"line":529},"59":{"loc":{"start":{"line":534,"column":4},"end":{"line":538,"column":5}},"type":"if","locations":[{"start":{"line":534,"column":4},"end":{"line":538,"column":5}},{"start":{},"end":{}}],"line":534},"60":{"loc":{"start":{"line":534,"column":8},"end":{"line":534,"column":23}},"type":"binary-expr","locations":[{"start":{"line":534,"column":8},"end":{"line":534,"column":15}},{"start":{"line":534,"column":19},"end":{"line":534,"column":23}}],"line":534},"61":{"loc":{"start":{"line":539,"column":19},"end":{"line":539,"column":58}},"type":"cond-expr","locations":[{"start":{"line":539,"column":25},"end":{"line":539,"column":37}},{"start":{"line":539,"column":40},"end":{"line":539,"column":58}}],"line":539},"62":{"loc":{"start":{"line":541,"column":4},"end":{"line":546,"column":5}},"type":"if","locations":[{"start":{"line":541,"column":4},"end":{"line":546,"column":5}},{"start":{"line":543,"column":11},"end":{"line":546,"column":5}}],"line":541},"63":{"loc":{"start":{"line":574,"column":4},"end":{"line":578,"column":5}},"type":"if","locations":[{"start":{"line":574,"column":4},"end":{"line":578,"column":5}},{"start":{},"end":{}}],"line":574},"64":{"loc":{"start":{"line":580,"column":4},"end":{"line":584,"column":5}},"type":"if","locations":[{"start":{"line":580,"column":4},"end":{"line":584,"column":5}},{"start":{},"end":{}}],"line":580},"65":{"loc":{"start":{"line":580,"column":8},"end":{"line":580,"column":45}},"type":"binary-expr","locations":[{"start":{"line":580,"column":8},"end":{"line":580,"column":15}},{"start":{"line":580,"column":19},"end":{"line":580,"column":23}},{"start":{"line":580,"column":27},"end":{"line":580,"column":33}},{"start":{"line":580,"column":37},"end":{"line":580,"column":45}}],"line":580},"66":{"loc":{"start":{"line":586,"column":4},"end":{"line":590,"column":5}},"type":"if","locations":[{"start":{"line":586,"column":4},"end":{"line":590,"column":5}},{"start":{},"end":{}}],"line":586},"67":{"loc":{"start":{"line":586,"column":8},"end":{"line":586,"column":34}},"type":"binary-expr","locations":[{"start":{"line":586,"column":8},"end":{"line":586,"column":19}},{"start":{"line":586,"column":23},"end":{"line":586,"column":34}}],"line":586},"68":{"loc":{"start":{"line":592,"column":19},"end":{"line":592,"column":58}},"type":"cond-expr","locations":[{"start":{"line":592,"column":25},"end":{"line":592,"column":37}},{"start":{"line":592,"column":40},"end":{"line":592,"column":58}}],"line":592},"69":{"loc":{"start":{"line":594,"column":4},"end":{"line":614,"column":5}},"type":"if","locations":[{"start":{"line":594,"column":4},"end":{"line":614,"column":5}},{"start":{"line":611,"column":11},"end":{"line":614,"column":5}}],"line":594},"70":{"loc":{"start":{"line":604,"column":6},"end":{"line":610,"column":7}},"type":"if","locations":[{"start":{"line":604,"column":6},"end":{"line":610,"column":7}},{"start":{"line":607,"column":13},"end":{"line":610,"column":7}}],"line":604}},"s":{"0":1,"1":1,"2":1,"3":1,"4":1,"5":7,"6":7,"7":7,"8":7,"9":7,"10":2,"11":2,"12":3,"13":2,"14":2,"15":0,"16":1,"17":13,"18":13,"19":13,"20":1,"21":1,"22":1,"23":12,"24":2,"25":2,"26":2,"27":10,"28":1,"29":1,"30":1,"31":1,"32":9,"33":9,"34":9,"35":1,"36":1,"37":1,"38":8,"39":8,"40":8,"41":1,"42":1,"43":1,"44":7,"45":7,"46":7,"47":7,"48":7,"49":7,"50":7,"51":7,"52":0,"53":0,"54":1,"55":5,"56":5,"57":5,"58":1,"59":1,"60":1,"61":4,"62":1,"63":1,"64":1,"65":3,"66":1,"67":1,"68":1,"69":2,"70":2,"71":2,"72":1,"73":1,"74":1,"75":1,"76":1,"77":1,"78":1,"79":1,"80":0,"81":0,"82":0,"83":1,"84":5,"85":5,"86":5,"87":1,"88":1,"89":1,"90":4,"91":1,"92":1,"93":1,"94":3,"95":1,"96":1,"97":1,"98":2,"99":2,"100":2,"101":1,"102":1,"103":1,"104":1,"105":1,"106":1,"107":1,"108":1,"109":0,"110":0,"111":0,"112":1,"113":4,"114":4,"115":4,"116":1,"117":1,"118":1,"119":3,"120":1,"121":1,"122":1,"123":2,"124":2,"125":2,"126":1,"127":1,"128":1,"129":1,"130":1,"131":1,"132":1,"133":1,"134":0,"135":0,"136":0,"137":1,"138":12,"139":12,"140":12,"141":1,"142":1,"143":1,"144":11,"145":2,"146":2,"147":2,"148":9,"149":1,"150":1,"151":1,"152":8,"153":1,"154":1,"155":1,"156":7,"157":7,"158":7,"159":6,"160":2,"161":2,"162":2,"163":4,"164":4,"165":4,"166":4,"167":2,"168":2,"169":2,"170":2,"171":2,"172":2,"173":2,"174":4,"175":2,"176":2,"177":0,"178":2,"179":2,"180":2,"181":2,"182":2,"183":2,"184":2,"185":2,"186":0,"187":0,"188":1,"189":1,"190":0,"191":0,"192":1,"193":0,"194":0,"195":0,"196":0,"197":0,"198":0,"199":0,"200":0,"201":0,"202":0,"203":0,"204":0,"205":0,"206":1,"207":1,"208":1,"209":0,"210":0,"211":0,"212":0,"213":0,"214":0,"215":0,"216":0,"217":0,"218":0,"219":0,"220":0,"221":0,"222":0,"223":0,"224":0,"225":0,"226":0,"227":0,"228":0,"229":0,"230":0,"231":0,"232":0,"233":0,"234":1,"235":4,"236":4,"237":4,"238":1,"239":1,"240":1,"241":3,"242":1,"243":1,"244":1,"245":2,"246":2,"247":2,"248":1,"249":1,"250":1,"251":0,"252":0,"253":1,"254":7,"255":7,"256":7,"257":1,"258":1,"259":1,"260":6,"261":2,"262":2,"263":2,"264":4,"265":1,"266":1,"267":1,"268":3,"269":3,"270":3,"271":2,"272":2,"273":2,"274":2,"275":2,"276":2,"277":0,"278":0,"279":1,"280":1,"281":0,"282":0},"f":{"0":7,"1":2,"2":13,"3":5,"4":5,"5":4,"6":12,"7":4,"8":4,"9":2,"10":0,"11":0,"12":0,"13":0,"14":0,"15":0,"16":0,"17":0,"18":0,"19":0,"20":0,"21":0,"22":0,"23":0,"24":0,"25":0,"26":4,"27":7},"b":{"0":[2,1],"1":[3,3],"2":[0],"3":[1,12],"4":[2,10],"5":[12,1,11,1],"6":[1,9],"7":[0,9],"8":[1,8],"9":[0,8],"10":[1,7],"11":[1,4],"12":[1,3],"13":[4,0,4],"14":[1,2],"15":[3,1],"16":[0,2],"17":[1,1],"18":[1,0],"19":[1,0],"20":[1,4],"21":[1,3],"22":[4,0,4],"23":[1,2],"24":[3,1],"25":[0,2],"26":[1,1],"27":[1,0],"28":[1,3],"29":[1,2],"30":[3,1],"31":[0,2],"32":[1,1],"33":[1,11],"34":[2,9],"35":[11,0,11,10,9],"36":[1,8],"37":[9,3],"38":[1,7],"39":[8,7,7,7],"40":[0,7],"41":[6,1],"42":[2,4],"43":[4,0],"44":[4,4],"45":[2,2],"46":[2,0],"47":[2,0],"48":[2,1],"49":[2,0],"50":[2,0],"51":[0,0],"52":[0,0],"53":[0,0],"54":[0,0],"55":[0,0],"56":[0,0],"57":[0,0],"58":[1,3],"59":[1,2],"60":[3,1],"61":[0,2],"62":[1,1],"63":[1,6],"64":[2,4],"65":[6,0,6,5],"66":[1,3],"67":[4,1],"68":[0,3],"69":[2,1],"70":[2,0]},"_coverageSchema":"1a1c01bbd47fc00a2c39e90264f33305004495a9","hash":"bac77de0671f0c47b4a5cf4c01bf164e726dd265"}
,"/Users/ming/github_things/battleship/app_web/backend/src/controllers/perfilController.js": {"path":"/Users/ming/github_things/battleship/app_web/backend/src/controllers/perfilController.js","statementMap":{"0":{"start":{"line":1,"column":15},"end":{"line":1,"column":47}},"1":{"start":{"line":2,"column":15},"end":{"line":2,"column":32}},"2":{"start":{"line":3,"column":12},"end":{"line":3,"column":35}},"3":{"start":{"line":4,"column":15},"end":{"line":4,"column":32}},"4":{"start":{"line":5,"column":31},"end":{"line":5,"column":61}},"5":{"start":{"line":6,"column":26},"end":{"line":6,"column":51}},"6":{"start":{"line":7,"column":19},"end":{"line":7,"column":48}},"7":{"start":{"line":8,"column":15},"end":{"line":8,"column":47}},"8":{"start":{"line":9,"column":24},"end":{"line":9,"column":48}},"9":{"start":{"line":20,"column":19},"end":{"line":20,"column":35}},"10":{"start":{"line":28,"column":16},"end":{"line":28,"column":44}},"11":{"start":{"line":29,"column":2},"end":{"line":29,"column":28}},"12":{"start":{"line":34,"column":16},"end":{"line":34,"column":73}},"13":{"start":{"line":35,"column":2},"end":{"line":35,"column":32}},"14":{"start":{"line":40,"column":2},"end":{"line":40,"column":24}},"15":{"start":{"line":46,"column":16},"end":{"line":47,"column":45}},"16":{"start":{"line":48,"column":2},"end":{"line":48,"column":15}},"17":{"start":{"line":53,"column":2},"end":{"line":53,"column":34}},"18":{"start":{"line":74,"column":0},"end":{"line":144,"column":2}},"19":{"start":{"line":75,"column":2},"end":{"line":143,"column":3}},"20":{"start":{"line":77,"column":60},"end":{"line":77,"column":68}},"21":{"start":{"line":79,"column":4},"end":{"line":83,"column":5}},"22":{"start":{"line":80,"column":6},"end":{"line":80,"column":89}},"23":{"start":{"line":81,"column":6},"end":{"line":81,"column":82}},"24":{"start":{"line":82,"column":6},"end":{"line":82,"column":13}},"25":{"start":{"line":85,"column":4},"end":{"line":89,"column":5}},"26":{"start":{"line":86,"column":6},"end":{"line":86,"column":77}},"27":{"start":{"line":87,"column":6},"end":{"line":87,"column":70}},"28":{"start":{"line":88,"column":6},"end":{"line":88,"column":13}},"29":{"start":{"line":91,"column":4},"end":{"line":95,"column":5}},"30":{"start":{"line":92,"column":6},"end":{"line":92,"column":135}},"31":{"start":{"line":93,"column":6},"end":{"line":93,"column":128}},"32":{"start":{"line":94,"column":6},"end":{"line":94,"column":13}},"33":{"start":{"line":97,"column":4},"end":{"line":101,"column":5}},"34":{"start":{"line":98,"column":6},"end":{"line":98,"column":55}},"35":{"start":{"line":99,"column":6},"end":{"line":99,"column":46}},"36":{"start":{"line":100,"column":6},"end":{"line":100,"column":13}},"37":{"start":{"line":103,"column":27},"end":{"line":103,"column":60}},"38":{"start":{"line":106,"column":16},"end":{"line":106,"column":60}},"39":{"start":{"line":107,"column":4},"end":{"line":111,"column":5}},"40":{"start":{"line":108,"column":6},"end":{"line":108,"column":76}},"41":{"start":{"line":109,"column":6},"end":{"line":109,"column":69}},"42":{"start":{"line":110,"column":6},"end":{"line":110,"column":13}},"43":{"start":{"line":115,"column":27},"end":{"line":126,"column":5}},"44":{"start":{"line":130,"column":24},"end":{"line":135,"column":6}},"45":{"start":{"line":138,"column":27},"end":{"line":138,"column":51}},"46":{"start":{"line":139,"column":4},"end":{"line":139,"column":26}},"47":{"start":{"line":141,"column":4},"end":{"line":141,"column":42}},"48":{"start":{"line":142,"column":4},"end":{"line":142,"column":53}},"49":{"start":{"line":161,"column":0},"end":{"line":200,"column":2}},"50":{"start":{"line":162,"column":2},"end":{"line":199,"column":3}},"51":{"start":{"line":164,"column":45},"end":{"line":164,"column":53}},"52":{"start":{"line":166,"column":4},"end":{"line":170,"column":5}},"53":{"start":{"line":167,"column":6},"end":{"line":167,"column":76}},"54":{"start":{"line":168,"column":6},"end":{"line":168,"column":69}},"55":{"start":{"line":169,"column":6},"end":{"line":169,"column":13}},"56":{"start":{"line":172,"column":4},"end":{"line":176,"column":5}},"57":{"start":{"line":173,"column":6},"end":{"line":173,"column":70}},"58":{"start":{"line":174,"column":6},"end":{"line":174,"column":63}},"59":{"start":{"line":175,"column":6},"end":{"line":175,"column":13}},"60":{"start":{"line":178,"column":19},"end":{"line":178,"column":62}},"61":{"start":{"line":179,"column":19},"end":{"line":179,"column":47}},"62":{"start":{"line":181,"column":4},"end":{"line":194,"column":5}},"63":{"start":{"line":182,"column":29},"end":{"line":182,"column":35}},"64":{"start":{"line":183,"column":6},"end":{"line":183,"column":44}},"65":{"start":{"line":184,"column":6},"end":{"line":184,"column":45}},"66":{"start":{"line":185,"column":6},"end":{"line":185,"column":50}},"67":{"start":{"line":186,"column":6},"end":{"line":186,"column":48}},"68":{"start":{"line":187,"column":6},"end":{"line":187,"column":49}},"69":{"start":{"line":188,"column":6},"end":{"line":188,"column":40}},"70":{"start":{"line":189,"column":6},"end":{"line":189,"column":31}},"71":{"start":{"line":190,"column":6},"end":{"line":190,"column":47}},"72":{"start":{"line":192,"column":6},"end":{"line":192,"column":70}},"73":{"start":{"line":193,"column":6},"end":{"line":193,"column":63}},"74":{"start":{"line":197,"column":4},"end":{"line":197,"column":42}},"75":{"start":{"line":198,"column":4},"end":{"line":198,"column":55}},"76":{"start":{"line":216,"column":0},"end":{"line":250,"column":1}},"77":{"start":{"line":217,"column":2},"end":{"line":249,"column":3}},"78":{"start":{"line":219,"column":45},"end":{"line":219,"column":53}},"79":{"start":{"line":221,"column":4},"end":{"line":225,"column":5}},"80":{"start":{"line":222,"column":6},"end":{"line":222,"column":76}},"81":{"start":{"line":223,"column":6},"end":{"line":223,"column":69}},"82":{"start":{"line":224,"column":6},"end":{"line":224,"column":13}},"83":{"start":{"line":227,"column":4},"end":{"line":231,"column":5}},"84":{"start":{"line":228,"column":6},"end":{"line":228,"column":70}},"85":{"start":{"line":229,"column":6},"end":{"line":229,"column":63}},"86":{"start":{"line":230,"column":6},"end":{"line":230,"column":13}},"87":{"start":{"line":233,"column":19},"end":{"line":233,"column":62}},"88":{"start":{"line":234,"column":19},"end":{"line":234,"column":47}},"89":{"start":{"line":236,"column":4},"end":{"line":244,"column":5}},"90":{"start":{"line":237,"column":29},"end":{"line":237,"column":35}},"91":{"start":{"line":238,"column":6},"end":{"line":238,"column":44}},"92":{"start":{"line":239,"column":6},"end":{"line":239,"column":31}},"93":{"start":{"line":240,"column":6},"end":{"line":240,"column":58}},"94":{"start":{"line":242,"column":6},"end":{"line":242,"column":70}},"95":{"start":{"line":243,"column":6},"end":{"line":243,"column":63}},"96":{"start":{"line":247,"column":4},"end":{"line":247,"column":42}},"97":{"start":{"line":248,"column":4},"end":{"line":248,"column":55}},"98":{"start":{"line":270,"column":0},"end":{"line":335,"column":2}},"99":{"start":{"line":271,"column":2},"end":{"line":334,"column":3}},"100":{"start":{"line":273,"column":71},"end":{"line":273,"column":79}},"101":{"start":{"line":275,"column":4},"end":{"line":279,"column":5}},"102":{"start":{"line":276,"column":6},"end":{"line":276,"column":99}},"103":{"start":{"line":277,"column":6},"end":{"line":277,"column":92}},"104":{"start":{"line":278,"column":6},"end":{"line":278,"column":13}},"105":{"start":{"line":281,"column":4},"end":{"line":285,"column":5}},"106":{"start":{"line":282,"column":6},"end":{"line":282,"column":70}},"107":{"start":{"line":283,"column":6},"end":{"line":283,"column":63}},"108":{"start":{"line":284,"column":6},"end":{"line":284,"column":13}},"109":{"start":{"line":287,"column":4},"end":{"line":291,"column":5}},"110":{"start":{"line":288,"column":6},"end":{"line":288,"column":135}},"111":{"start":{"line":289,"column":6},"end":{"line":289,"column":128}},"112":{"start":{"line":290,"column":6},"end":{"line":290,"column":13}},"113":{"start":{"line":293,"column":4},"end":{"line":297,"column":5}},"114":{"start":{"line":294,"column":6},"end":{"line":294,"column":53}},"115":{"start":{"line":295,"column":6},"end":{"line":295,"column":46}},"116":{"start":{"line":296,"column":6},"end":{"line":296,"column":13}},"117":{"start":{"line":298,"column":4},"end":{"line":302,"column":5}},"118":{"start":{"line":299,"column":6},"end":{"line":299,"column":51}},"119":{"start":{"line":300,"column":6},"end":{"line":300,"column":44}},"120":{"start":{"line":301,"column":6},"end":{"line":301,"column":13}},"121":{"start":{"line":305,"column":4},"end":{"line":307,"column":5}},"122":{"start":{"line":306,"column":6},"end":{"line":306,"column":57}},"123":{"start":{"line":309,"column":19},"end":{"line":309,"column":62}},"124":{"start":{"line":310,"column":29},"end":{"line":320,"column":5}},"125":{"start":{"line":323,"column":4},"end":{"line":329,"column":5}},"126":{"start":{"line":324,"column":6},"end":{"line":324,"column":33}},"127":{"start":{"line":325,"column":6},"end":{"line":325,"column":49}},"128":{"start":{"line":327,"column":6},"end":{"line":327,"column":72}},"129":{"start":{"line":328,"column":6},"end":{"line":328,"column":65}},"130":{"start":{"line":332,"column":4},"end":{"line":332,"column":42}},"131":{"start":{"line":333,"column":4},"end":{"line":333,"column":57}},"132":{"start":{"line":352,"column":0},"end":{"line":383,"column":2}},"133":{"start":{"line":353,"column":2},"end":{"line":382,"column":3}},"134":{"start":{"line":355,"column":45},"end":{"line":355,"column":53}},"135":{"start":{"line":357,"column":4},"end":{"line":361,"column":5}},"136":{"start":{"line":358,"column":6},"end":{"line":358,"column":76}},"137":{"start":{"line":359,"column":6},"end":{"line":359,"column":69}},"138":{"start":{"line":360,"column":6},"end":{"line":360,"column":13}},"139":{"start":{"line":363,"column":4},"end":{"line":367,"column":5}},"140":{"start":{"line":364,"column":6},"end":{"line":364,"column":70}},"141":{"start":{"line":365,"column":6},"end":{"line":365,"column":63}},"142":{"start":{"line":366,"column":6},"end":{"line":366,"column":13}},"143":{"start":{"line":369,"column":19},"end":{"line":369,"column":62}},"144":{"start":{"line":370,"column":22},"end":{"line":370,"column":52}},"145":{"start":{"line":372,"column":4},"end":{"line":378,"column":5}},"146":{"start":{"line":373,"column":6},"end":{"line":373,"column":62}},"147":{"start":{"line":374,"column":6},"end":{"line":374,"column":52}},"148":{"start":{"line":376,"column":6},"end":{"line":376,"column":71}},"149":{"start":{"line":377,"column":6},"end":{"line":377,"column":64}},"150":{"start":{"line":380,"column":4},"end":{"line":380,"column":42}},"151":{"start":{"line":381,"column":4},"end":{"line":381,"column":56}},"152":{"start":{"line":407,"column":0},"end":{"line":428,"column":2}},"153":{"start":{"line":408,"column":2},"end":{"line":427,"column":3}},"154":{"start":{"line":410,"column":19},"end":{"line":410,"column":46}},"155":{"start":{"line":411,"column":4},"end":{"line":423,"column":5}},"156":{"start":{"line":412,"column":20},"end":{"line":412,"column":38}},"157":{"start":{"line":413,"column":6},"end":{"line":413,"column":25}},"158":{"start":{"line":415,"column":6},"end":{"line":415,"column":30}},"159":{"start":{"line":416,"column":6},"end":{"line":416,"column":44}},"160":{"start":{"line":417,"column":19},"end":{"line":420,"column":7}},"161":{"start":{"line":421,"column":6},"end":{"line":421,"column":21}},"162":{"start":{"line":422,"column":6},"end":{"line":422,"column":50}},"163":{"start":{"line":425,"column":4},"end":{"line":425,"column":42}},"164":{"start":{"line":426,"column":4},"end":{"line":426,"column":55}},"165":{"start":{"line":447,"column":0},"end":{"line":470,"column":2}},"166":{"start":{"line":448,"column":2},"end":{"line":469,"column":3}},"167":{"start":{"line":450,"column":19},"end":{"line":450,"column":60}},"168":{"start":{"line":451,"column":4},"end":{"line":465,"column":5}},"169":{"start":{"line":452,"column":20},"end":{"line":452,"column":38}},"170":{"start":{"line":454,"column":6},"end":{"line":454,"column":30}},"171":{"start":{"line":455,"column":6},"end":{"line":455,"column":44}},"172":{"start":{"line":456,"column":19},"end":{"line":459,"column":7}},"173":{"start":{"line":460,"column":6},"end":{"line":460,"column":21}},"174":{"start":{"line":461,"column":6},"end":{"line":461,"column":47}},"175":{"start":{"line":463,"column":6},"end":{"line":463,"column":77}},"176":{"start":{"line":464,"column":6},"end":{"line":464,"column":70}},"177":{"start":{"line":467,"column":4},"end":{"line":467,"column":42}},"178":{"start":{"line":468,"column":4},"end":{"line":468,"column":52}},"179":{"start":{"line":488,"column":0},"end":{"line":526,"column":2}},"180":{"start":{"line":489,"column":2},"end":{"line":525,"column":3}},"181":{"start":{"line":491,"column":57},"end":{"line":491,"column":65}},"182":{"start":{"line":493,"column":4},"end":{"line":497,"column":5}},"183":{"start":{"line":494,"column":6},"end":{"line":494,"column":89}},"184":{"start":{"line":495,"column":6},"end":{"line":495,"column":82}},"185":{"start":{"line":496,"column":6},"end":{"line":496,"column":13}},"186":{"start":{"line":499,"column":4},"end":{"line":503,"column":5}},"187":{"start":{"line":500,"column":6},"end":{"line":500,"column":88}},"188":{"start":{"line":501,"column":6},"end":{"line":501,"column":81}},"189":{"start":{"line":502,"column":6},"end":{"line":502,"column":13}},"190":{"start":{"line":505,"column":19},"end":{"line":505,"column":62}},"191":{"start":{"line":506,"column":19},"end":{"line":506,"column":47}},"192":{"start":{"line":507,"column":4},"end":{"line":520,"column":5}},"193":{"start":{"line":509,"column":31},"end":{"line":509,"column":82}},"194":{"start":{"line":510,"column":6},"end":{"line":514,"column":7}},"195":{"start":{"line":511,"column":8},"end":{"line":511,"column":59}},"196":{"start":{"line":512,"column":8},"end":{"line":512,"column":52}},"197":{"start":{"line":513,"column":8},"end":{"line":513,"column":15}},"198":{"start":{"line":515,"column":6},"end":{"line":515,"column":19}},"199":{"start":{"line":517,"column":6},"end":{"line":517,"column":73}},"200":{"start":{"line":518,"column":6},"end":{"line":518,"column":66}},"201":{"start":{"line":519,"column":6},"end":{"line":519,"column":13}},"202":{"start":{"line":522,"column":4},"end":{"line":522,"column":42}},"203":{"start":{"line":523,"column":4},"end":{"line":523,"column":59}},"204":{"start":{"line":524,"column":4},"end":{"line":524,"column":11}},"205":{"start":{"line":547,"column":0},"end":{"line":608,"column":2}},"206":{"start":{"line":548,"column":2},"end":{"line":607,"column":3}},"207":{"start":{"line":550,"column":67},"end":{"line":550,"column":75}},"208":{"start":{"line":552,"column":4},"end":{"line":556,"column":5}},"209":{"start":{"line":553,"column":6},"end":{"line":553,"column":94}},"210":{"start":{"line":554,"column":6},"end":{"line":554,"column":87}},"211":{"start":{"line":555,"column":6},"end":{"line":555,"column":13}},"212":{"start":{"line":558,"column":4},"end":{"line":562,"column":5}},"213":{"start":{"line":559,"column":6},"end":{"line":559,"column":70}},"214":{"start":{"line":560,"column":6},"end":{"line":560,"column":63}},"215":{"start":{"line":561,"column":6},"end":{"line":561,"column":13}},"216":{"start":{"line":564,"column":4},"end":{"line":568,"column":5}},"217":{"start":{"line":565,"column":6},"end":{"line":565,"column":75}},"218":{"start":{"line":566,"column":6},"end":{"line":566,"column":68}},"219":{"start":{"line":567,"column":6},"end":{"line":567,"column":13}},"220":{"start":{"line":570,"column":37},"end":{"line":570,"column":117}},"221":{"start":{"line":570,"column":73},"end":{"line":570,"column":116}},"222":{"start":{"line":571,"column":4},"end":{"line":576,"column":5}},"223":{"start":{"line":572,"column":33},"end":{"line":572,"column":66}},"224":{"start":{"line":573,"column":6},"end":{"line":573,"column":85}},"225":{"start":{"line":574,"column":6},"end":{"line":574,"column":78}},"226":{"start":{"line":575,"column":6},"end":{"line":575,"column":13}},"227":{"start":{"line":578,"column":33},"end":{"line":578,"column":123}},"228":{"start":{"line":578,"column":78},"end":{"line":578,"column":122}},"229":{"start":{"line":579,"column":4},"end":{"line":583,"column":5}},"230":{"start":{"line":580,"column":6},"end":{"line":580,"column":78}},"231":{"start":{"line":581,"column":6},"end":{"line":581,"column":71}},"232":{"start":{"line":582,"column":6},"end":{"line":582,"column":13}},"233":{"start":{"line":585,"column":19},"end":{"line":585,"column":62}},"234":{"start":{"line":586,"column":29},"end":{"line":594,"column":5}},"235":{"start":{"line":597,"column":4},"end":{"line":603,"column":5}},"236":{"start":{"line":598,"column":6},"end":{"line":598,"column":33}},"237":{"start":{"line":599,"column":6},"end":{"line":599,"column":47}},"238":{"start":{"line":601,"column":6},"end":{"line":601,"column":72}},"239":{"start":{"line":602,"column":6},"end":{"line":602,"column":65}},"240":{"start":{"line":605,"column":4},"end":{"line":605,"column":42}},"241":{"start":{"line":606,"column":4},"end":{"line":606,"column":55}},"242":{"start":{"line":613,"column":2},"end":{"line":616,"column":22}},"243":{"start":{"line":614,"column":15},"end":{"line":614,"column":38}},"244":{"start":{"line":615,"column":4},"end":{"line":615,"column":28}},"245":{"start":{"line":616,"column":20},"end":{"line":616,"column":21}},"246":{"start":{"line":617,"column":2},"end":{"line":620,"column":22}},"247":{"start":{"line":618,"column":15},"end":{"line":618,"column":38}},"248":{"start":{"line":619,"column":4},"end":{"line":619,"column":28}},"249":{"start":{"line":620,"column":20},"end":{"line":620,"column":21}},"250":{"start":{"line":622,"column":2},"end":{"line":651,"column":3}},"251":{"start":{"line":623,"column":4},"end":{"line":641,"column":5}},"252":{"start":{"line":624,"column":6},"end":{"line":631,"column":7}},"253":{"start":{"line":624,"column":19},"end":{"line":624,"column":20}},"254":{"start":{"line":625,"column":21},"end":{"line":625,"column":42}},"255":{"start":{"line":626,"column":8},"end":{"line":627,"column":26}},"256":{"start":{"line":626,"column":49},"end":{"line":626,"column":69}},"257":{"start":{"line":627,"column":13},"end":{"line":627,"column":26}},"258":{"start":{"line":628,"column":21},"end":{"line":628,"column":42}},"259":{"start":{"line":629,"column":8},"end":{"line":630,"column":26}},"260":{"start":{"line":629,"column":49},"end":{"line":629,"column":69}},"261":{"start":{"line":630,"column":13},"end":{"line":630,"column":26}},"262":{"start":{"line":633,"column":6},"end":{"line":640,"column":7}},"263":{"start":{"line":633,"column":19},"end":{"line":633,"column":20}},"264":{"start":{"line":634,"column":21},"end":{"line":634,"column":42}},"265":{"start":{"line":635,"column":8},"end":{"line":636,"column":26}},"266":{"start":{"line":635,"column":49},"end":{"line":635,"column":69}},"267":{"start":{"line":636,"column":13},"end":{"line":636,"column":26}},"268":{"start":{"line":637,"column":21},"end":{"line":637,"column":42}},"269":{"start":{"line":638,"column":8},"end":{"line":639,"column":26}},"270":{"start":{"line":638,"column":49},"end":{"line":638,"column":69}},"271":{"start":{"line":639,"column":13},"end":{"line":639,"column":26}},"272":{"start":{"line":643,"column":4},"end":{"line":650,"column":5}},"273":{"start":{"line":643,"column":17},"end":{"line":643,"column":18}},"274":{"start":{"line":644,"column":19},"end":{"line":644,"column":36}},"275":{"start":{"line":645,"column":6},"end":{"line":646,"column":24}},"276":{"start":{"line":645,"column":47},"end":{"line":645,"column":67}},"277":{"start":{"line":646,"column":11},"end":{"line":646,"column":24}},"278":{"start":{"line":647,"column":19},"end":{"line":647,"column":36}},"279":{"start":{"line":648,"column":6},"end":{"line":649,"column":24}},"280":{"start":{"line":648,"column":47},"end":{"line":648,"column":67}},"281":{"start":{"line":649,"column":11},"end":{"line":649,"column":24}},"282":{"start":{"line":652,"column":2},"end":{"line":652,"column":14}},"283":{"start":{"line":657,"column":2},"end":{"line":665,"column":3}},"284":{"start":{"line":657,"column":15},"end":{"line":657,"column":16}},"285":{"start":{"line":658,"column":4},"end":{"line":664,"column":5}},"286":{"start":{"line":659,"column":6},"end":{"line":663,"column":7}},"287":{"start":{"line":660,"column":8},"end":{"line":662,"column":9}},"288":{"start":{"line":661,"column":10},"end":{"line":661,"column":22}},"289":{"start":{"line":666,"column":2},"end":{"line":674,"column":3}},"290":{"start":{"line":666,"column":15},"end":{"line":666,"column":26}},"291":{"start":{"line":667,"column":4},"end":{"line":673,"column":5}},"292":{"start":{"line":668,"column":6},"end":{"line":672,"column":7}},"293":{"start":{"line":669,"column":8},"end":{"line":671,"column":9}},"294":{"start":{"line":670,"column":10},"end":{"line":670,"column":22}},"295":{"start":{"line":675,"column":2},"end":{"line":675,"column":15}},"296":{"start":{"line":698,"column":0},"end":{"line":776,"column":2}},"297":{"start":{"line":699,"column":2},"end":{"line":775,"column":3}},"298":{"start":{"line":701,"column":89},"end":{"line":701,"column":97}},"299":{"start":{"line":703,"column":4},"end":{"line":707,"column":5}},"300":{"start":{"line":704,"column":6},"end":{"line":704,"column":119}},"301":{"start":{"line":705,"column":6},"end":{"line":705,"column":112}},"302":{"start":{"line":706,"column":6},"end":{"line":706,"column":13}},"303":{"start":{"line":709,"column":4},"end":{"line":713,"column":5}},"304":{"start":{"line":710,"column":6},"end":{"line":710,"column":70}},"305":{"start":{"line":711,"column":6},"end":{"line":711,"column":63}},"306":{"start":{"line":712,"column":6},"end":{"line":712,"column":13}},"307":{"start":{"line":715,"column":4},"end":{"line":720,"column":5}},"308":{"start":{"line":717,"column":6},"end":{"line":717,"column":80}},"309":{"start":{"line":718,"column":6},"end":{"line":718,"column":73}},"310":{"start":{"line":719,"column":6},"end":{"line":719,"column":13}},"311":{"start":{"line":722,"column":4},"end":{"line":726,"column":5}},"312":{"start":{"line":723,"column":6},"end":{"line":723,"column":101}},"313":{"start":{"line":724,"column":6},"end":{"line":724,"column":94}},"314":{"start":{"line":725,"column":6},"end":{"line":725,"column":13}},"315":{"start":{"line":728,"column":19},"end":{"line":728,"column":62}},"316":{"start":{"line":729,"column":19},"end":{"line":729,"column":47}},"317":{"start":{"line":730,"column":4},"end":{"line":734,"column":5}},"318":{"start":{"line":731,"column":6},"end":{"line":731,"column":72}},"319":{"start":{"line":732,"column":6},"end":{"line":732,"column":65}},"320":{"start":{"line":733,"column":6},"end":{"line":733,"column":13}},"321":{"start":{"line":735,"column":4},"end":{"line":735,"column":43}},"322":{"start":{"line":737,"column":4},"end":{"line":741,"column":5}},"323":{"start":{"line":738,"column":6},"end":{"line":738,"column":88}},"324":{"start":{"line":739,"column":6},"end":{"line":739,"column":81}},"325":{"start":{"line":740,"column":6},"end":{"line":740,"column":13}},"326":{"start":{"line":742,"column":4},"end":{"line":742,"column":36}},"327":{"start":{"line":744,"column":4},"end":{"line":753,"column":5}},"328":{"start":{"line":746,"column":6},"end":{"line":749,"column":7}},"329":{"start":{"line":747,"column":8},"end":{"line":747,"column":74}},"330":{"start":{"line":748,"column":8},"end":{"line":748,"column":15}},"331":{"start":{"line":751,"column":6},"end":{"line":751,"column":65}},"332":{"start":{"line":752,"column":6},"end":{"line":752,"column":13}},"333":{"start":{"line":755,"column":29},"end":{"line":763,"column":5}},"334":{"start":{"line":765,"column":4},"end":{"line":771,"column":5}},"335":{"start":{"line":766,"column":6},"end":{"line":766,"column":33}},"336":{"start":{"line":767,"column":6},"end":{"line":767,"column":58}},"337":{"start":{"line":769,"column":6},"end":{"line":769,"column":72}},"338":{"start":{"line":770,"column":6},"end":{"line":770,"column":65}},"339":{"start":{"line":773,"column":4},"end":{"line":773,"column":42}},"340":{"start":{"line":774,"column":4},"end":{"line":774,"column":66}},"341":{"start":{"line":805,"column":0},"end":{"line":860,"column":2}},"342":{"start":{"line":806,"column":2},"end":{"line":859,"column":3}},"343":{"start":{"line":809,"column":66},"end":{"line":809,"column":74}},"344":{"start":{"line":811,"column":4},"end":{"line":815,"column":5}},"345":{"start":{"line":812,"column":6},"end":{"line":812,"column":195}},"346":{"start":{"line":813,"column":6},"end":{"line":813,"column":188}},"347":{"start":{"line":814,"column":6},"end":{"line":814,"column":13}},"348":{"start":{"line":817,"column":4},"end":{"line":821,"column":5}},"349":{"start":{"line":818,"column":6},"end":{"line":818,"column":70}},"350":{"start":{"line":819,"column":6},"end":{"line":819,"column":63}},"351":{"start":{"line":820,"column":6},"end":{"line":820,"column":13}},"352":{"start":{"line":823,"column":4},"end":{"line":828,"column":5}},"353":{"start":{"line":825,"column":8},"end":{"line":825,"column":69}},"354":{"start":{"line":826,"column":8},"end":{"line":826,"column":62}},"355":{"start":{"line":827,"column":8},"end":{"line":827,"column":15}},"356":{"start":{"line":830,"column":19},"end":{"line":830,"column":62}},"357":{"start":{"line":831,"column":29},"end":{"line":845,"column":5}},"358":{"start":{"line":847,"column":4},"end":{"line":853,"column":5}},"359":{"start":{"line":848,"column":6},"end":{"line":848,"column":33}},"360":{"start":{"line":849,"column":6},"end":{"line":849,"column":49}},"361":{"start":{"line":851,"column":6},"end":{"line":851,"column":73}},"362":{"start":{"line":852,"column":6},"end":{"line":852,"column":66}},"363":{"start":{"line":856,"column":4},"end":{"line":856,"column":42}},"364":{"start":{"line":857,"column":4},"end":{"line":857,"column":58}},"365":{"start":{"line":858,"column":4},"end":{"line":858,"column":56}},"366":{"start":{"line":878,"column":0},"end":{"line":924,"column":2}},"367":{"start":{"line":879,"column":2},"end":{"line":923,"column":3}},"368":{"start":{"line":881,"column":70},"end":{"line":881,"column":78}},"369":{"start":{"line":883,"column":4},"end":{"line":887,"column":5}},"370":{"start":{"line":884,"column":6},"end":{"line":884,"column":102}},"371":{"start":{"line":885,"column":6},"end":{"line":885,"column":95}},"372":{"start":{"line":886,"column":6},"end":{"line":886,"column":13}},"373":{"start":{"line":889,"column":4},"end":{"line":893,"column":5}},"374":{"start":{"line":890,"column":6},"end":{"line":890,"column":70}},"375":{"start":{"line":891,"column":6},"end":{"line":891,"column":63}},"376":{"start":{"line":892,"column":6},"end":{"line":892,"column":13}},"377":{"start":{"line":895,"column":4},"end":{"line":899,"column":5}},"378":{"start":{"line":896,"column":8},"end":{"line":896,"column":78}},"379":{"start":{"line":897,"column":8},"end":{"line":897,"column":71}},"380":{"start":{"line":898,"column":8},"end":{"line":898,"column":15}},"381":{"start":{"line":901,"column":19},"end":{"line":901,"column":62}},"382":{"start":{"line":902,"column":29},"end":{"line":910,"column":5}},"383":{"start":{"line":912,"column":4},"end":{"line":918,"column":5}},"384":{"start":{"line":913,"column":6},"end":{"line":913,"column":33}},"385":{"start":{"line":914,"column":6},"end":{"line":914,"column":49}},"386":{"start":{"line":916,"column":6},"end":{"line":916,"column":73}},"387":{"start":{"line":917,"column":6},"end":{"line":917,"column":66}},"388":{"start":{"line":921,"column":4},"end":{"line":921,"column":42}},"389":{"start":{"line":922,"column":4},"end":{"line":922,"column":58}},"390":{"start":{"line":946,"column":0},"end":{"line":1018,"column":2}},"391":{"start":{"line":947,"column":2},"end":{"line":1017,"column":3}},"392":{"start":{"line":949,"column":58},"end":{"line":949,"column":66}},"393":{"start":{"line":951,"column":4},"end":{"line":955,"column":5}},"394":{"start":{"line":952,"column":6},"end":{"line":952,"column":92}},"395":{"start":{"line":953,"column":6},"end":{"line":953,"column":85}},"396":{"start":{"line":954,"column":6},"end":{"line":954,"column":13}},"397":{"start":{"line":957,"column":4},"end":{"line":961,"column":5}},"398":{"start":{"line":958,"column":6},"end":{"line":958,"column":91}},"399":{"start":{"line":959,"column":6},"end":{"line":959,"column":84}},"400":{"start":{"line":960,"column":6},"end":{"line":960,"column":13}},"401":{"start":{"line":963,"column":19},"end":{"line":963,"column":62}},"402":{"start":{"line":964,"column":19},"end":{"line":964,"column":47}},"403":{"start":{"line":965,"column":4},"end":{"line":969,"column":5}},"404":{"start":{"line":966,"column":6},"end":{"line":966,"column":72}},"405":{"start":{"line":967,"column":6},"end":{"line":967,"column":65}},"406":{"start":{"line":968,"column":6},"end":{"line":968,"column":13}},"407":{"start":{"line":970,"column":4},"end":{"line":972,"column":5}},"408":{"start":{"line":971,"column":6},"end":{"line":971,"column":33}},"409":{"start":{"line":974,"column":18},"end":{"line":974,"column":67}},"410":{"start":{"line":975,"column":4},"end":{"line":979,"column":5}},"411":{"start":{"line":976,"column":6},"end":{"line":976,"column":68}},"412":{"start":{"line":977,"column":6},"end":{"line":977,"column":61}},"413":{"start":{"line":978,"column":6},"end":{"line":978,"column":13}},"414":{"start":{"line":981,"column":4},"end":{"line":985,"column":5}},"415":{"start":{"line":982,"column":6},"end":{"line":982,"column":71}},"416":{"start":{"line":983,"column":6},"end":{"line":983,"column":64}},"417":{"start":{"line":984,"column":6},"end":{"line":984,"column":13}},"418":{"start":{"line":986,"column":4},"end":{"line":990,"column":5}},"419":{"start":{"line":987,"column":6},"end":{"line":987,"column":71}},"420":{"start":{"line":988,"column":6},"end":{"line":988,"column":64}},"421":{"start":{"line":989,"column":6},"end":{"line":989,"column":13}},"422":{"start":{"line":992,"column":4},"end":{"line":996,"column":5}},"423":{"start":{"line":993,"column":6},"end":{"line":993,"column":76}},"424":{"start":{"line":994,"column":6},"end":{"line":994,"column":69}},"425":{"start":{"line":995,"column":6},"end":{"line":995,"column":13}},"426":{"start":{"line":998,"column":4},"end":{"line":998,"column":43}},"427":{"start":{"line":999,"column":4},"end":{"line":999,"column":37}},"428":{"start":{"line":1001,"column":4},"end":{"line":1001,"column":48}},"429":{"start":{"line":1003,"column":29},"end":{"line":1003,"column":48}},"430":{"start":{"line":1004,"column":28},"end":{"line":1004,"column":46}},"431":{"start":{"line":1006,"column":4},"end":{"line":1012,"column":5}},"432":{"start":{"line":1007,"column":6},"end":{"line":1007,"column":33}},"433":{"start":{"line":1008,"column":6},"end":{"line":1008,"column":63}},"434":{"start":{"line":1010,"column":6},"end":{"line":1010,"column":63}},"435":{"start":{"line":1011,"column":6},"end":{"line":1011,"column":55}},"436":{"start":{"line":1015,"column":4},"end":{"line":1015,"column":42}},"437":{"start":{"line":1016,"column":4},"end":{"line":1016,"column":50}},"438":{"start":{"line":1035,"column":0},"end":{"line":1066,"column":2}},"439":{"start":{"line":1036,"column":2},"end":{"line":1065,"column":3}},"440":{"start":{"line":1038,"column":45},"end":{"line":1038,"column":53}},"441":{"start":{"line":1040,"column":4},"end":{"line":1044,"column":5}},"442":{"start":{"line":1041,"column":6},"end":{"line":1041,"column":76}},"443":{"start":{"line":1042,"column":6},"end":{"line":1042,"column":69}},"444":{"start":{"line":1043,"column":6},"end":{"line":1043,"column":13}},"445":{"start":{"line":1046,"column":4},"end":{"line":1050,"column":5}},"446":{"start":{"line":1047,"column":6},"end":{"line":1047,"column":72}},"447":{"start":{"line":1048,"column":6},"end":{"line":1048,"column":65}},"448":{"start":{"line":1049,"column":6},"end":{"line":1049,"column":13}},"449":{"start":{"line":1052,"column":19},"end":{"line":1052,"column":62}},"450":{"start":{"line":1053,"column":19},"end":{"line":1053,"column":47}},"451":{"start":{"line":1054,"column":4},"end":{"line":1058,"column":5}},"452":{"start":{"line":1055,"column":6},"end":{"line":1055,"column":60}},"453":{"start":{"line":1056,"column":6},"end":{"line":1056,"column":53}},"454":{"start":{"line":1057,"column":6},"end":{"line":1057,"column":13}},"455":{"start":{"line":1060,"column":4},"end":{"line":1060,"column":33}},"456":{"start":{"line":1061,"column":4},"end":{"line":1061,"column":66}},"457":{"start":{"line":1063,"column":4},"end":{"line":1063,"column":42}},"458":{"start":{"line":1064,"column":4},"end":{"line":1064,"column":52}},"459":{"start":{"line":1084,"column":0},"end":{"line":1144,"column":1}},"460":{"start":{"line":1085,"column":2},"end":{"line":1143,"column":3}},"461":{"start":{"line":1087,"column":60},"end":{"line":1087,"column":68}},"462":{"start":{"line":1089,"column":4},"end":{"line":1093,"column":5}},"463":{"start":{"line":1090,"column":6},"end":{"line":1090,"column":92}},"464":{"start":{"line":1091,"column":6},"end":{"line":1091,"column":85}},"465":{"start":{"line":1092,"column":6},"end":{"line":1092,"column":13}},"466":{"start":{"line":1095,"column":4},"end":{"line":1099,"column":5}},"467":{"start":{"line":1096,"column":6},"end":{"line":1096,"column":91}},"468":{"start":{"line":1097,"column":6},"end":{"line":1097,"column":84}},"469":{"start":{"line":1098,"column":6},"end":{"line":1098,"column":13}},"470":{"start":{"line":1101,"column":19},"end":{"line":1101,"column":62}},"471":{"start":{"line":1103,"column":19},"end":{"line":1103,"column":47}},"472":{"start":{"line":1104,"column":4},"end":{"line":1108,"column":5}},"473":{"start":{"
[...]
5}},{"start":{},"end":{}}],"line":59},"3":{"loc":{"start":{"line":65,"column":4},"end":{"line":69,"column":5}},"type":"if","locations":[{"start":{"line":65,"column":4},"end":{"line":69,"column":5}},{"start":{},"end":{}}],"line":65},"4":{"loc":{"start":{"line":72,"column":4},"end":{"line":76,"column":5}},"type":"if","locations":[{"start":{"line":72,"column":4},"end":{"line":76,"column":5}},{"start":{},"end":{}}],"line":72},"5":{"loc":{"start":{"line":72,"column":8},"end":{"line":72,"column":98}},"type":"binary-expr","locations":[{"start":{"line":72,"column":8},"end":{"line":72,"column":27}},{"start":{"line":72,"column":31},"end":{"line":72,"column":98}}],"line":72},"6":{"loc":{"start":{"line":79,"column":4},"end":{"line":81,"column":5}},"type":"if","locations":[{"start":{"line":79,"column":4},"end":{"line":81,"column":5}},{"start":{},"end":{}}],"line":79},"7":{"loc":{"start":{"line":83,"column":4},"end":{"line":183,"column":5}},"type":"switch","locations":[{"start":{"line":84,"column":6},"end":{"line":105,"column":14}},{"start":{"line":106,"column":6},"end":{"line":126,"column":14}},{"start":{"line":127,"column":6},"end":{"line":147,"column":14}},{"start":{"line":148,"column":6},"end":{"line":168,"column":14}},{"start":{"line":169,"column":6},"end":{"line":178,"column":14}},{"start":{"line":179,"column":6},"end":{"line":182,"column":15}}],"line":83},"8":{"loc":{"start":{"line":86,"column":8},"end":{"line":90,"column":9}},"type":"if","locations":[{"start":{"line":86,"column":8},"end":{"line":90,"column":9}},{"start":{},"end":{}}],"line":86},"9":{"loc":{"start":{"line":91,"column":8},"end":{"line":95,"column":9}},"type":"if","locations":[{"start":{"line":91,"column":8},"end":{"line":95,"column":9}},{"start":{},"end":{}}],"line":91},"10":{"loc":{"start":{"line":98,"column":8},"end":{"line":102,"column":9}},"type":"if","locations":[{"start":{"line":98,"column":8},"end":{"line":102,"column":9}},{"start":{},"end":{}}],"line":98},"11":{"loc":{"start":{"line":98,"column":12},"end":{"line":98,"column":42}},"type":"binary-expr","locations":[{"start":{"line":98,"column":12},"end":{"line":98,"column":29}},{"start":{"line":98,"column":33},"end":{"line":98,"column":42}}],"line":98},"12":{"loc":{"start":{"line":108,"column":8},"end":{"line":112,"column":9}},"type":"if","locations":[{"start":{"line":108,"column":8},"end":{"line":112,"column":9}},{"start":{},"end":{}}],"line":108},"13":{"loc":{"start":{"line":113,"column":8},"end":{"line":117,"column":9}},"type":"if","locations":[{"start":{"line":113,"column":8},"end":{"line":117,"column":9}},{"start":{},"end":{}}],"line":113},"14":{"loc":{"start":{"line":119,"column":8},"end":{"line":123,"column":9}},"type":"if","locations":[{"start":{"line":119,"column":8},"end":{"line":123,"column":9}},{"start":{},"end":{}}],"line":119},"15":{"loc":{"start":{"line":119,"column":12},"end":{"line":119,"column":51}},"type":"binary-expr","locations":[{"start":{"line":119,"column":12},"end":{"line":119,"column":36}},{"start":{"line":119,"column":40},"end":{"line":119,"column":51}}],"line":119},"16":{"loc":{"start":{"line":129,"column":8},"end":{"line":133,"column":9}},"type":"if","locations":[{"start":{"line":129,"column":8},"end":{"line":133,"column":9}},{"start":{},"end":{}}],"line":129},"17":{"loc":{"start":{"line":134,"column":8},"end":{"line":138,"column":9}},"type":"if","locations":[{"start":{"line":134,"column":8},"end":{"line":138,"column":9}},{"start":{},"end":{}}],"line":134},"18":{"loc":{"start":{"line":140,"column":8},"end":{"line":144,"column":9}},"type":"if","locations":[{"start":{"line":140,"column":8},"end":{"line":144,"column":9}},{"start":{},"end":{}}],"line":140},"19":{"loc":{"start":{"line":140,"column":12},"end":{"line":140,"column":75}},"type":"binary-expr","locations":[{"start":{"line":140,"column":12},"end":{"line":140,"column":52}},{"start":{"line":140,"column":56},"end":{"line":140,"column":75}}],"line":140},"20":{"loc":{"start":{"line":150,"column":8},"end":{"line":154,"column":9}},"type":"if","locations":[{"start":{"line":150,"column":8},"end":{"line":154,"column":9}},{"start":{},"end":{}}],"line":150},"21":{"loc":{"start":{"line":155,"column":8},"end":{"line":159,"column":9}},"type":"if","locations":[{"start":{"line":155,"column":8},"end":{"line":159,"column":9}},{"start":{},"end":{}}],"line":155},"22":{"loc":{"start":{"line":161,"column":8},"end":{"line":165,"column":9}},"type":"if","locations":[{"start":{"line":161,"column":8},"end":{"line":165,"column":9}},{"start":{},"end":{}}],"line":161},"23":{"loc":{"start":{"line":161,"column":12},"end":{"line":161,"column":75}},"type":"binary-expr","locations":[{"start":{"line":161,"column":12},"end":{"line":161,"column":52}},{"start":{"line":161,"column":56},"end":{"line":161,"column":75}}],"line":161},"24":{"loc":{"start":{"line":171,"column":8},"end":{"line":175,"column":9}},"type":"if","locations":[{"start":{"line":171,"column":8},"end":{"line":175,"column":9}},{"start":{},"end":{}}],"line":171},"25":{"loc":{"start":{"line":215,"column":4},"end":{"line":219,"column":5}},"type":"if","locations":[{"start":{"line":215,"column":4},"end":{"line":219,"column":5}},{"start":{},"end":{}}],"line":215},"26":{"loc":{"start":{"line":220,"column":4},"end":{"line":224,"column":5}},"type":"if","locations":[{"start":{"line":220,"column":4},"end":{"line":224,"column":5}},{"start":{},"end":{}}],"line":220},"27":{"loc":{"start":{"line":227,"column":4},"end":{"line":231,"column":5}},"type":"if","locations":[{"start":{"line":227,"column":4},"end":{"line":231,"column":5}},{"start":{},"end":{}}],"line":227},"28":{"loc":{"start":{"line":258,"column":4},"end":{"line":262,"column":5}},"type":"if","locations":[{"start":{"line":258,"column":4},"end":{"line":262,"column":5}},{"start":{},"end":{}}],"line":258},"29":{"loc":{"start":{"line":263,"column":4},"end":{"line":267,"column":5}},"type":"if","locations":[{"start":{"line":263,"column":4},"end":{"line":267,"column":5}},{"start":{},"end":{}}],"line":263},"30":{"loc":{"start":{"line":268,"column":4},"end":{"line":272,"column":5}},"type":"if","locations":[{"start":{"line":268,"column":4},"end":{"line":272,"column":5}},{"start":{},"end":{}}],"line":268},"31":{"loc":{"start":{"line":273,"column":4},"end":{"line":277,"column":5}},"type":"if","locations":[{"start":{"line":273,"column":4},"end":{"line":277,"column":5}},{"start":{},"end":{}}],"line":273},"32":{"loc":{"start":{"line":279,"column":4},"end":{"line":283,"column":5}},"type":"if","locations":[{"start":{"line":279,"column":4},"end":{"line":283,"column":5}},{"start":{},"end":{}}],"line":279},"33":{"loc":{"start":{"line":285,"column":4},"end":{"line":289,"column":5}},"type":"if","locations":[{"start":{"line":285,"column":4},"end":{"line":289,"column":5}},{"start":{},"end":{}}],"line":285},"34":{"loc":{"start":{"line":285,"column":8},"end":{"line":285,"column":65}},"type":"binary-expr","locations":[{"start":{"line":285,"column":8},"end":{"line":285,"column":22}},{"start":{"line":285,"column":26},"end":{"line":285,"column":65}}],"line":285},"35":{"loc":{"start":{"line":292,"column":4},"end":{"line":296,"column":5}},"type":"if","locations":[{"start":{"line":292,"column":4},"end":{"line":296,"column":5}},{"start":{},"end":{}}],"line":292},"36":{"loc":{"start":{"line":298,"column":4},"end":{"line":302,"column":5}},"type":"if","locations":[{"start":{"line":298,"column":4},"end":{"line":302,"column":5}},{"start":{},"end":{}}],"line":298},"37":{"loc":{"start":{"line":307,"column":4},"end":{"line":311,"column":5}},"type":"if","locations":[{"start":{"line":307,"column":4},"end":{"line":311,"column":5}},{"start":{"line":309,"column":11},"end":{"line":311,"column":5}}],"line":307},"38":{"loc":{"start":{"line":344,"column":4},"end":{"line":348,"column":5}},"type":"if","locations":[{"start":{"line":344,"column":4},"end":{"line":348,"column":5}},{"start":{},"end":{}}],"line":344},"39":{"loc":{"start":{"line":349,"column":4},"end":{"line":353,"column":5}},"type":"if","locations":[{"start":{"line":349,"column":4},"end":{"line":353,"column":5}},{"start":{},"end":{}}],"line":349},"40":{"loc":{"start":{"line":354,"column":4},"end":{"line":358,"column":5}},"type":"if","locations":[{"start":{"line":354,"column":4},"end":{"line":358,"column":5}},{"start":{},"end":{}}],"line":354},"41":{"loc":{"start":{"line":362,"column":4},"end":{"line":366,"column":5}},"type":"if","locations":[{"start":{"line":362,"column":4},"end":{"line":366,"column":5}},{"start":{},"end":{}}],"line":362},"42":{"loc":{"start":{"line":368,"column":4},"end":{"line":372,"column":5}},"type":"if","locations":[{"start":{"line":368,"column":4},"end":{"line":372,"column":5}},{"start":{},"end":{}}],"line":368}},"s":{"0":1,"1":1,"2":1,"3":1,"4":1,"5":8,"6":8,"7":8,"8":8,"9":8,"10":1,"11":25,"12":25,"13":25,"14":1,"15":1,"16":1,"17":24,"18":1,"19":1,"20":1,"21":23,"22":1,"23":1,"24":1,"25":22,"26":1,"27":1,"28":1,"29":21,"30":0,"31":0,"32":0,"33":21,"34":21,"35":0,"36":21,"37":21,"38":7,"39":7,"40":1,"41":1,"42":1,"43":6,"44":1,"45":1,"46":1,"47":5,"48":5,"49":1,"50":1,"51":1,"52":4,"53":4,"54":4,"55":4,"56":1,"57":1,"58":1,"59":3,"60":1,"61":1,"62":1,"63":2,"64":1,"65":1,"66":1,"67":1,"68":1,"69":4,"70":4,"71":1,"72":1,"73":1,"74":3,"75":1,"76":1,"77":1,"78":2,"79":1,"80":1,"81":1,"82":1,"83":1,"84":4,"85":4,"86":1,"87":1,"88":1,"89":3,"90":1,"91":1,"92":1,"93":2,"94":1,"95":1,"96":1,"97":1,"98":1,"99":2,"100":2,"101":1,"102":1,"103":1,"104":1,"105":1,"106":0,"107":0,"108":0,"109":8,"110":8,"111":8,"112":0,"113":0,"114":1,"115":3,"116":3,"117":3,"118":0,"119":0,"120":0,"121":3,"122":1,"123":1,"124":1,"125":2,"126":2,"127":1,"128":1,"129":1,"130":1,"131":1,"132":0,"133":0,"134":1,"135":9,"136":9,"137":9,"138":1,"139":1,"140":1,"141":8,"142":1,"143":1,"144":1,"145":7,"146":1,"147":1,"148":1,"149":6,"150":1,"151":1,"152":1,"153":5,"154":1,"155":1,"156":1,"157":4,"158":1,"159":1,"160":1,"161":3,"162":3,"163":1,"164":1,"165":1,"166":2,"167":2,"168":1,"169":1,"170":1,"171":1,"172":0,"173":1,"174":1,"175":1,"176":0,"177":1,"178":1,"179":0,"180":0,"181":1,"182":7,"183":7,"184":7,"185":1,"186":1,"187":1,"188":6,"189":1,"190":1,"191":1,"192":5,"193":1,"194":1,"195":1,"196":4,"197":4,"198":2,"199":2,"200":2,"201":2,"202":1,"203":1,"204":1,"205":1,"206":1,"207":0,"208":0},"f":{"0":8,"1":25,"2":3,"3":9,"4":0,"5":7},"b":{"0":[1,24],"1":[1,23],"2":[1,22],"3":[1,21],"4":[0,21],"5":[21,21],"6":[0,21],"7":[7,4,4,4,2,0],"8":[1,6],"9":[1,5],"10":[1,4],"11":[5,4],"12":[1,3],"13":[1,2],"14":[1,1],"15":[2,1],"16":[1,3],"17":[1,2],"18":[1,1],"19":[2,1],"20":[1,3],"21":[1,2],"22":[1,1],"23":[2,1],"24":[1,1],"25":[0,3],"26":[1,2],"27":[1,1],"28":[1,8],"29":[1,7],"30":[1,6],"31":[1,5],"32":[1,4],"33":[1,3],"34":[4,3],"35":[1,2],"36":[1,1],"37":[1,0],"38":[1,6],"39":[1,5],"40":[1,4],"41":[2,2],"42":[1,1]},"_coverageSchema":"1a1c01bbd47fc00a2c39e90264f33305004495a9","hash":"56ff5b25a4e1b497bd1311723f99521fa3544acd"}
,"/Users/ming/github_things/battleship/app_web/backend/src/data/barco.js": {"path":"/Users/ming/github_things/battleship/app_web/backend/src/data/barco.js","statementMap":{"0":{"start":{"line":1,"column":19},"end":{"line":1,"column":42}},"1":{"start":{"line":16,"column":26},"end":{"line":16,"column":95}},"2":{"start":{"line":27,"column":14},"end":{"line":30,"column":1}},"3":{"start":{"line":32,"column":0},"end":{"line":32,"column":23}}},"fnMap":{},"branchMap":{},"s":{"0":3,"1":3,"2":3,"3":3},"f":{},"b":{},"_coverageSchema":"1a1c01bbd47fc00a2c39e90264f33305004495a9","hash":"a9167ae414d355ce352a32cda0b45dc1cc09337a"}
,"/Users/ming/github_things/battleship/app_web/backend/src/data/biomas.js": {"path":"/Users/ming/github_things/battleship/app_web/backend/src/data/biomas.js","statementMap":{"0":{"start":{"line":15,"column":26},"end":{"line":15,"column":77}},"1":{"start":{"line":17,"column":0},"end":{"line":17,"column":35}}},"fnMap":{},"branchMap":{},"s":{"0":1,"1":1},"f":{},"b":{},"_coverageSchema":"1a1c01bbd47fc00a2c39e90264f33305004495a9","hash":"18d0b934d42d99c737aa05f5f526856de0b12a93"}
,"/Users/ming/github_things/battleship/app_web/backend/src/data/climas.js": {"path":"/Users/ming/github_things/battleship/app_web/backend/src/data/climas.js","statementMap":{"0":{"start":{"line":16,"column":26},"end":{"line":16,"column":67}},"1":{"start":{"line":18,"column":0},"end":{"line":18,"column":35}}},"fnMap":{},"branchMap":{},"s":{"0":1,"1":1},"f":{},"b":{},"_coverageSchema":"1a1c01bbd47fc00a2c39e90264f33305004495a9","hash":"334049d65d4acef2ff04e8a0042233cb703b562f"}
,"/Users/ming/github_things/battleship/app_web/backend/src/data/coordenada.js": {"path":"/Users/ming/github_things/battleship/app_web/backend/src/data/coordenada.js","statementMap":{"0":{"start":{"line":13,"column":37},"end":{"line":13,"column":66}},"1":{"start":{"line":26,"column":19},"end":{"line":30,"column":1}},"2":{"start":{"line":32,"column":0},"end":{"line":32,"column":28}}},"fnMap":{},"branchMap":{},"s":{"0":3,"1":3,"2":3},"f":{},"b":{},"_coverageSchema":"1a1c01bbd47fc00a2c39e90264f33305004495a9","hash":"8de35fa7e32cea5a0e23f88af5d7bb9cfdd9d14b"}
,"/Users/ming/github_things/battleship/app_web/backend/src/data/habilidades.js": {"path":"/Users/ming/github_things/battleship/app_web/backend/src/data/habilidades.js","statementMap":{"0":{"start":{"line":14,"column":31},"end":{"line":14,"column":87}},"1":{"start":{"line":16,"column":0},"end":{"line":16,"column":40}}},"fnMap":{},"branchMap":{},"s":{"0":3,"1":3},"f":{},"b":{},"_coverageSchema":"1a1c01bbd47fc00a2c39e90264f33305004495a9","hash":"64f8687c51938bae8a64e5dad4d09c53c8a69b52"}
,"/Users/ming/github_things/battleship/app_web/backend/src/data/niveles.js": {"path":"/Users/ming/github_things/battleship/app_web/backend/src/data/niveles.js","statementMap":{"0":{"start":{"line":14,"column":16},"end":{"line":14,"column":45}},"1":{"start":{"line":24,"column":16},"end":{"line":24,"column":17}},"2":{"start":{"line":25,"column":20},"end":{"line":25,"column":26}},"3":{"start":{"line":26,"column":4},"end":{"line":31,"column":5}},"4":{"start":{"line":26,"column":17},"end":{"line":26,"column":18}},"5":{"start":{"line":27,"column":8},"end":{"line":30,"column":21}},"6":{"start":{"line":28,"column":12},"end":{"line":28,"column":20}},"7":{"start":{"line":29,"column":12},"end":{"line":29,"column":36}},"8":{"start":{"line":30,"column":15},"end":{"line":30,"column":21}},"9":{"start":{"line":32,"column":4},"end":{"line":32,"column":17}},"10":{"start":{"line":35,"column":0},"end":{"line":35,"column":44}}},"fnMap":{"0":{"name":"calcularNivel","decl":{"start":{"line":23,"column":9},"end":{"line":23,"column":22}},"loc":{"start":{"line":23,"column":31},"end":{"line":33,"column":1}},"line":23}},"branchMap":{"0":{"loc":{"start":{"line":27,"column":8},"end":{"line":30,"column":21}},"type":"if","locations":[{"start":{"line":27,"column":8},"end":{"line":30,"column":21}},{"start":{"line":30,"column":15},"end":{"line":30,"column":21}}],"line":27}},"s":{"0":1,"1":5,"2":5,"3":5,"4":5,"5":7,"6":2,"7":2,"8":5,"9":5,"10":1},"f":{"0":5},"b":{"0":[2,5]},"_coverageSchema":"1a1c01bbd47fc00a2c39e90264f33305004495a9","hash":"fbb3e44b7cd904ef9b901283aa30df864c145bde"}
,"/Users/ming/github_things/battleship/app_web/backend/src/data/paises.js": {"path":"/Users/ming/github_things/battleship/app_web/backend/src/data/paises.js","statementMap":{"0":{"start":{"line":14,"column":26},"end":{"line":14,"column":89}},"1":{"start":{"line":16,"column":0},"end":{"line":16,"column":35}}},"fnMap":{},"branchMap":{},"s":{"0":3,"1":3},"f":{},"b":{},"_coverageSchema":"1a1c01bbd47fc00a2c39e90264f33305004495a9","hash":"95a68cef834a2e53e37676895e1618758f98bb68"}
,"/Users/ming/github_things/battleship/app_web/backend/src/data/publicaciones.js": {"path":"/Users/ming/github_things/battleship/app_web/backend/src/data/publicaciones.js","statementMap":{"0":{"start":{"line":17,"column":37},"end":{"line":23,"column":1}},"1":{"start":{"line":25,"column":0},"end":{"line":25,"column":46}}},"fnMap":{},"branchMap":{},"s":{"0":1,"1":1},"f":{},"b":{},"_coverageSchema":"1a1c01bbd47fc00a2c39e90264f33305004495a9","hash":"5789929a32dc15c51aba7ac60d03f536921befb4"}
,"/Users/ming/github_things/battleship/app_web/backend/src/data/reacciones.js": {"path":"/Users/ming/github_things/battleship/app_web/backend/src/data/reacciones.js","statementMap":{"0":{"start":{"line":13,"column":27},"end":{"line":13,"column":93}},"1":{"start":{"line":23,"column":17},"end":{"line":26,"column":1}},"2":{"start":{"line":28,"column":0},"end":{"line":28,"column":35}},"3":{"start":{"line":29,"column":0},"end":{"line":29,"column":55}}},"fnMap":{},"branchMap":{},"s":{"0":1,"1":1,"2":1,"3":1},"f":{},"b":{},"_coverageSchema":"1a1c01bbd47fc00a2c39e90264f33305004495a9","hash":"3b866424532f10816ee868c2a139222756a40458"}
,"/Users/ming/github_things/battleship/app_web/backend/src/data/tablero.js": {"path":"/Users/ming/github_things/battleship/app_web/backend/src/data/tablero.js","statementMap":{"0":{"start":{"line":14,"column":14},"end":{"line":14,"column":32}},"1":{"start":{"line":17,"column":16},"end":{"line":17,"column":23}},"2":{"start":{"line":19,"column":0},"end":{"line":19,"column":25}}},"fnMap":{},"branchMap":{},"s":{"0":3,"1":3,"2":3},"f":{},"b":{},"_coverageSchema":"1a1c01bbd47fc00a2c39e90264f33305004495a9","hash":"4fe7f1ee7b62466724d0455b8e98e59299e9cd9c"}
,"/Users/ming/github_things/battleship/app_web/backend/src/models/partidaModel.js": {"path":"/Users/ming/github_things/battleship/app_web/backend/src/models/partidaModel.js","statementMap":{"0":{"start":{"line":1,"column":17},"end":{"line":1,"column":36}},"1":{"start":{"line":5,"column":15},"end":{"line":5,"column":30}},"2":{"start":{"line":6,"column":26},"end":{"line":6,"column":51}},"3":{"start":{"line":7,"column":26},"end":{"line":7,"column":51}},"4":{"start":{"line":8,"column":16},"end":{"line":8,"column":42}},"5":{"start":{"line":9,"column":19},"end":{"line":9,"column":48}},"6":{"start":{"line":51,"column":22},"end":{"line":119,"column":24}},"7":{"start":{"line":121,"column":16},"end":{"line":121,"column":68}},"8":{"start":{"line":122,"column":0},"end":{"line":122,"column":25}}},"fnMap":{},"branchMap":{},"s":{"0":1,"1":1,"2":1,"3":1,"4":1,"5":1,"6":1,"7":1,"8":1},"f":{},"b":{},"_coverageSchema":"1a1c01bbd47fc00a2c39e90264f33305004495a9","hash":"d36f32edd539b9e0848539c526e522e1db024abe"}
,"/Users/ming/github_things/battleship/app_web/backend/src/models/perfilModel.js": {"path":"/Users/ming/github_things/battleship/app_web/backend/src/models/perfilModel.js","statementMap":{"0":{"start":{"line":1,"column":17},"end":{"line":1,"column":36}},"1":{"start":{"line":5,"column":15},"end":{"line":5,"column":30}},"2":{"start":{"line":6,"column":31},"end":{"line":6,"column":61}},"3":{"start":{"line":7,"column":26},"end":{"line":7,"column":51}},"4":{"start":{"line":8,"column":16},"end":{"line":8,"column":42}},"5":{"start":{"line":40,"column":21},"end":{"line":109,"column":2}},"6":{"start":{"line":111,"column":15},"end":{"line":111,"column":65}},"7":{"start":{"line":113,"column":0},"end":{"line":113,"column":24}}},"fnMap":{},"branchMap":{},"s":{"0":3,"1":3,"2":3,"3":3,"4":3,"5":3,"6":3,"7":3},"f":{},"b":{},"_coverageSchema":"1a1c01bbd47fc00a2c39e90264f33305004495a9","hash":"f033fcbfc44fc83b66a2dfd54d8965bd90dfa858"}
,"/Users/ming/github_things/battleship/app_web/backend/src/models/publicacionModel.js": {"path":"/Users/ming/github_things/battleship/app_web/backend/src/models/publicacionModel.js","statementMap":{"0":{"start":{"line":1,"column":17},"end":{"line":1,"column":36}},"1":{"start":{"line":5,"column":15},"end":{"line":5,"column":30}},"2":{"start":{"line":6,"column":17},"end":{"line":6,"column":46}},"3":{"start":{"line":24,"column":26},"end":{"line":42,"column":2}},"4":{"start":{"line":44,"column":20},"end":{"line":44,"column":85}},"5":{"start":{"line":46,"column":0},"end":{"line":46,"column":29}}},"fnMap":{},"branchMap":{},"s":{"0":1,"1":1,"2":1,"3":1,"4":1,"5":1},"f":{},"b":{},"_coverageSchema":"1a1c01bbd47fc00a2c39e90264f33305004495a9","hash":"1fe9efaad1f1da3d6f3ab76c81e23003d7ab2a5f"}
}
