TN:
SF:src/config/auth.config.js
FNF:0
FNH:0
DA:1,3
DA:5,3
LF:2
LH:2
BRF:0
BRH:0
end_of_record
TN:
SF:src/controllers/partidaController.js
FN:19,generarCodigo
FN:30,dispararCoordenada
FN:62,(anonymous_2)
FN:136,(anonymous_3)
FN:196,(anonymous_4)
FN:254,(anonymous_5)
FN:312,(anonymous_6)
FN:351,(anonymous_7)
FN:364,(anonymous_8)
FN:365,(anonymous_9)
FN:427,(anonymous_10)
FN:470,(anonymous_11)
FN:479,(anonymous_12)
FN:480,(anonymous_13)
FN:481,(anonymous_14)
FN:482,(anonymous_15)
FN:488,(anonymous_16)
FN:489,(anonymous_17)
FN:490,(anonymous_18)
FN:491,(anonymous_19)
FN:498,(anonymous_20)
FN:498,(anonymous_21)
FN:498,(anonymous_22)
FN:499,(anonymous_23)
FN:499,(anonymous_24)
FN:499,(anonymous_25)
FN:526,(anonymous_26)
FN:570,(anonymous_27)
FNF:28
FNH:12
FNDA:7,generarCodigo
FNDA:2,dispararCoordenada
FNDA:13,(anonymous_2)
FNDA:5,(anonymous_3)
FNDA:5,(anonymous_4)
FNDA:4,(anonymous_5)
FNDA:12,(anonymous_6)
FNDA:4,(anonymous_7)
FNDA:4,(anonymous_8)
FNDA:2,(anonymous_9)
FNDA:0,(anonymous_10)
FNDA:0,(anonymous_11)
FNDA:0,(anonymous_12)
FNDA:0,(anonymous_13)
FNDA:0,(anonymous_14)
FNDA:0,(anonymous_15)
FNDA:0,(anonymous_16)
FNDA:0,(anonymous_17)
FNDA:0,(anonymous_18)
FNDA:0,(anonymous_19)
FNDA:0,(anonymous_20)
FNDA:0,(anonymous_21)
FNDA:0,(anonymous_22)
FNDA:0,(anonymous_23)
FNDA:0,(anonymous_24)
FNDA:0,(anonymous_25)
FNDA:4,(anonymous_26)
FNDA:7,(anonymous_27)
DA:1,1
DA:2,1
DA:3,1
DA:4,1
DA:5,1
DA:20,7
DA:21,7
DA:22,7
DA:23,7
DA:24,7
DA:31,2
DA:32,2
DA:33,3
DA:34,2
DA:35,2
DA:39,0
DA:62,1
DA:63,13
DA:64,13
DA:66,13
DA:67,1
DA:68,1
DA:69,1
DA:72,12
DA:73,2
DA:74,2
DA:75,2
DA:78,10
DA:79,1
DA:80,1
DA:81,1
DA:82,1
DA:85,9
DA:86,9
DA:87,9
DA:88,1
DA:89,1
DA:90,1
DA:92,8
DA:93,8
DA:94,8
DA:95,1
DA:96,1
DA:97,1
DA:100,7
DA:101,7
DA:102,7
DA:103,7
DA:111,7
DA:112,7
DA:113,7
DA:114,7
DA:116,0
DA:117,0
DA:136,1
DA:137,5
DA:138,5
DA:140,5
DA:141,1
DA:142,1
DA:143,1
DA:146,4
DA:147,1
DA:148,1
DA:149,1
DA:152,3
DA:153,1
DA:154,1
DA:155,1
DA:158,2
DA:159,2
DA:160,2
DA:161,1
DA:165,1
DA:166,1
DA:167,1
DA:168,1
DA:170,1
DA:171,1
DA:172,1
DA:175,0
DA:176,0
DA:177,0
DA:196,1
DA:197,5
DA:198,5
DA:200,5
DA:201,1
DA:202,1
DA:203,1
DA:206,4
DA:207,1
DA:208,1
DA:209,1
DA:212,3
DA:213,1
DA:214,1
DA:215,1
DA:218,2
DA:219,2
DA:220,2
DA:221,1
DA:224,1
DA:225,1
DA:226,1
DA:227,1
DA:229,1
DA:230,1
DA:231,1
DA:234,0
DA:235,0
DA:236,0
DA:254,1
DA:255,4
DA:256,4
DA:258,4
DA:259,1
DA:260,1
DA:261,1
DA:264,3
DA:265,1
DA:266,1
DA:267,1
DA:270,2
DA:271,2
DA:272,2
DA:273,1
DA:279,1
DA:280,1
DA:281,1
DA:282,1
DA:284,1
DA:285,1
DA:286,1
DA:289,0
DA:290,0
DA:291,0
DA:312,1
DA:313,12
DA:314,12
DA:316,12
DA:317,1
DA:318,1
DA:319,1
DA:322,11
DA:323,2
DA:324,2
DA:325,2
DA:328,9
DA:329,1
DA:330,1
DA:331,1
DA:334,8
DA:335,1
DA:336,1
DA:337,1
DA:340,7
DA:341,7
DA:342,7
DA:344,6
DA:345,2
DA:346,2
DA:347,2
DA:350,4
DA:351,4
DA:352,4
DA:353,2
DA:354,2
DA:355,2
DA:359,2
DA:362,2
DA:363,2
DA:364,4
DA:365,2
DA:366,2
DA:369,0
DA:373,2
DA:374,2
DA:377,2
DA:383,2
DA:384,2
DA:387,2
DA:392,2
DA:393,2
DA:395,0
DA:396,0
DA:399,1
DA:400,1
DA:403,0
DA:404,0
DA:427,1
DA:428,0
DA:429,0
DA:430,0
DA:431,0
DA:432,0
DA:433,0
DA:434,0
DA:436,0
DA:437,0
DA:439,0
DA:440,0
DA:442,0
DA:445,0
DA:450,1
DA:451,1
DA:470,1
DA:471,0
DA:472,0
DA:473,0
DA:474,0
DA:476,0
DA:479,0
DA:480,0
DA:481,0
DA:482,0
DA:485,0
DA:488,0
DA:489,0
DA:490,0
DA:491,0
DA:496,0
DA:497,0
DA:498,0
DA:499,0
DA:500,0
DA:501,0
DA:502,0
DA:504,0
DA:507,0
DA:526,1
DA:527,4
DA:528,4
DA:529,4
DA:530,1
DA:531,1
DA:532,1
DA:534,3
DA:535,1
DA:536,1
DA:537,1
DA:539,2
DA:540,2
DA:541,2
DA:542,1
DA:544,1
DA:545,1
DA:548,0
DA:549,0
DA:570,1
DA:571,7
DA:572,7
DA:574,7
DA:575,1
DA:576,1
DA:577,1
DA:580,6
DA:581,2
DA:582,2
DA:583,2
DA:586,4
DA:587,1
DA:588,1
DA:589,1
DA:592,3
DA:593,3
DA:594,3
DA:595,2
DA:596,2
DA:599,2
DA:604,2
DA:605,2
DA:606,2
DA:608,0
DA:609,0
DA:612,1
DA:613,1
DA:616,0
DA:617,0
LF:279
LH:220
BRDA:33,0,0,2
BRDA:33,0,1,1
BRDA:33,1,0,3
BRDA:33,1,1,3
BRDA:64,2,0,0
BRDA:66,3,0,1
BRDA:66,3,1,12
BRDA:72,4,0,2
BRDA:72,4,1,10
BRDA:72,5,0,12
BRDA:72,5,1,1
BRDA:72,5,2,11
BRDA:72,5,3,1
BRDA:78,6,0,1
BRDA:78,6,1,9
BRDA:85,7,0,0
BRDA:85,7,1,9
BRDA:87,8,0,1
BRDA:87,8,1,8
BRDA:92,9,0,0
BRDA:92,9,1,8
BRDA:94,10,0,1
BRDA:94,10,1,7
BRDA:140,11,0,1
BRDA:140,11,1,4
BRDA:146,12,0,1
BRDA:146,12,1,3
BRDA:146,13,0,4
BRDA:146,13,1,0
BRDA:146,13,2,4
BRDA:152,14,0,1
BRDA:152,14,1,2
BRDA:152,15,0,3
BRDA:152,15,1,1
BRDA:158,16,0,0
BRDA:158,16,1,2
BRDA:160,17,0,1
BRDA:160,17,1,1
BRDA:162,18,0,1
BRDA:162,18,1,0
BRDA:163,19,0,1
BRDA:163,19,1,0
BRDA:200,20,0,1
BRDA:200,20,1,4
BRDA:206,21,0,1
BRDA:206,21,1,3
BRDA:206,22,0,4
BRDA:206,22,1,0
BRDA:206,22,2,4
BRDA:212,23,0,1
BRDA:212,23,1,2
BRDA:212,24,0,3
BRDA:212,24,1,1
BRDA:218,25,0,0
BRDA:218,25,1,2
BRDA:220,26,0,1
BRDA:220,26,1,1
BRDA:222,27,0,1
BRDA:222,27,1,0
BRDA:258,28,0,1
BRDA:258,28,1,3
BRDA:264,29,0,1
BRDA:264,29,1,2
BRDA:264,30,0,3
BRDA:264,30,1,1
BRDA:270,31,0,0
BRDA:270,31,1,2
BRDA:272,32,0,1
BRDA:272,32,1,1
BRDA:316,33,0,1
BRDA:316,33,1,11
BRDA:322,34,0,2
BRDA:322,34,1,9
BRDA:322,35,0,11
BRDA:322,35,1,0
BRDA:322,35,2,11
BRDA:322,35,3,10
BRDA:322,35,4,9
BRDA:328,36,0,1
BRDA:328,36,1,8
BRDA:328,37,0,9
BRDA:328,37,1,3
BRDA:334,38,0,1
BRDA:334,38,1,7
BRDA:334,39,0,8
BRDA:334,39,1,7
BRDA:334,39,2,7
BRDA:334,39,3,7
BRDA:340,40,0,0
BRDA:340,40,1,7
BRDA:342,41,0,6
BRDA:342,41,1,1
BRDA:344,42,0,2
BRDA:344,42,1,4
BRDA:350,43,0,4
BRDA:350,43,1,0
BRDA:351,44,0,4
BRDA:351,44,1,4
BRDA:352,45,0,2
BRDA:352,45,1,2
BRDA:359,46,0,2
BRDA:359,46,1,0
BRDA:363,47,0,2
BRDA:363,47,1,0
BRDA:364,48,0,2
BRDA:364,48,1,1
BRDA:374,49,0,2
BRDA:374,49,1,0
BRDA:383,50,0,2
BRDA:383,50,1,0
BRDA:431,51,0,0
BRDA:431,51,1,0
BRDA:432,52,0,0
BRDA:432,52,1,0
BRDA:474,53,0,0
BRDA:474,53,1,0
BRDA:478,54,0,0
BRDA:478,54,1,0
BRDA:481,55,0,0
BRDA:481,55,1,0
BRDA:487,56,0,0
BRDA:487,56,1,0
BRDA:490,57,0,0
BRDA:490,57,1,0
BRDA:529,58,0,1
BRDA:529,58,1,3
BRDA:534,59,0,1
BRDA:534,59,1,2
BRDA:534,60,0,3
BRDA:534,60,1,1
BRDA:539,61,0,0
BRDA:539,61,1,2
BRDA:541,62,0,1
BRDA:541,62,1,1
BRDA:574,63,0,1
BRDA:574,63,1,6
BRDA:580,64,0,2
BRDA:580,64,1,4
BRDA:580,65,0,6
BRDA:580,65,1,0
BRDA:580,65,2,6
BRDA:580,65,3,5
BRDA:586,66,0,1
BRDA:586,66,1,3
BRDA:586,67,0,4
BRDA:586,67,1,1
BRDA:592,68,0,0
BRDA:592,68,1,3
BRDA:594,69,0,2
BRDA:594,69,1,1
BRDA:604,70,0,2
BRDA:604,70,1,0
BRF:152
BRH:116
end_of_record
TN:
SF:src/controllers/perfilController.js
FN:27,verificarCorreo
FN:33,verificarContraseña
FN:39,esNumero
FN:44,crearToken
FN:52,esBarcoHorizontal
FN:74,(anonymous_5)
FN:161,(anonymous_6)
FN:216,(anonymous_7)
FN:270,(anonymous_8)
FN:352,(anonymous_9)
FN:407,(anonymous_10)
FN:447,(anonymous_11)
FN:488,(anonymous_12)
FN:547,(anonymous_13)
FN:570,(anonymous_14)
FN:578,(anonymous_15)
FN:611,moverBarco
FN:656,barcoColisiona
FN:698,(anonymous_18)
FN:805,(anonymous_19)
FN:878,(anonymous_20)
FN:946,(anonymous_21)
FN:1035,(anonymous_22)
FN:1084,(anonymous_23)
FN:1162,(anonymous_24)
FN:1255,(anonymous_25)
FNF:26
FNH:25
FNDA:47,verificarCorreo
FNDA:50,verificarContraseña
FNDA:83,esNumero
FNDA:44,crearToken
FNDA:3,esBarcoHorizontal
FNDA:48,(anonymous_5)
FNDA:9,(anonymous_6)
FNDA:4,(anonymous_7)
FNDA:9,(anonymous_8)
FNDA:5,(anonymous_9)
FNDA:48,(anonymous_10)
FNDA:5,(anonymous_11)
FNDA:10,(anonymous_12)
FNDA:9,(anonymous_13)
FNDA:11,(anonymous_14)
FNDA:9,(anonymous_15)
FNDA:6,moverBarco
FNDA:4,barcoColisiona
FNDA:17,(anonymous_18)
FNDA:8,(anonymous_19)
FNDA:5,(anonymous_20)
FNDA:9,(anonymous_21)
FNDA:0,(anonymous_22)
FNDA:7,(anonymous_23)
FNDA:12,(anonymous_24)
FNDA:7,(anonymous_25)
DA:1,3
DA:2,3
DA:3,3
DA:4,3
DA:5,3
DA:6,3
DA:7,3
DA:8,3
DA:9,3
DA:20,3
DA:28,47
DA:29,47
DA:34,50
DA:35,50
DA:40,83
DA:46,44
DA:48,44
DA:53,3
DA:74,3
DA:75,48
DA:77,48
DA:79,48
DA:80,1
DA:81,1
DA:82,1
DA:85,47
DA:86,1
DA:87,1
DA:88,1
DA:91,46
DA:92,1
DA:93,1
DA:94,1
DA:97,45
DA:98,1
DA:99,1
DA:100,1
DA:103,44
DA:106,44
DA:107,44
DA:108,1
DA:109,1
DA:110,1
DA:115,43
DA:130,43
DA:138,43
DA:139,43
DA:141,0
DA:142,0
DA:161,3
DA:162,9
DA:164,9
DA:166,9
DA:167,1
DA:168,1
DA:169,1
DA:172,8
DA:173,1
DA:174,1
DA:175,1
DA:178,7
DA:179,7
DA:181,7
DA:182,6
DA:183,6
DA:184,6
DA:185,6
DA:186,6
DA:187,6
DA:188,6
DA:189,6
DA:190,6
DA:192,1
DA:193,1
DA:197,0
DA:198,0
DA:216,3
DA:217,4
DA:219,4
DA:221,4
DA:222,1
DA:223,1
DA:224,1
DA:227,3
DA:228,1
DA:229,1
DA:230,1
DA:233,2
DA:234,2
DA:236,2
DA:237,1
DA:238,1
DA:239,1
DA:240,1
DA:242,1
DA:243,1
DA:247,0
DA:248,0
DA:270,3
DA:271,9
DA:273,9
DA:275,9
DA:276,1
DA:277,1
DA:278,1
DA:281,8
DA:282,1
DA:283,1
DA:284,1
DA:287,7
DA:288,1
DA:289,1
DA:290,1
DA:293,6
DA:294,1
DA:295,1
DA:296,1
DA:298,5
DA:299,1
DA:300,1
DA:301,1
DA:305,4
DA:306,2
DA:309,4
DA:310,4
DA:323,4
DA:324,3
DA:325,3
DA:327,1
DA:328,1
DA:332,0
DA:333,0
DA:352,3
DA:353,5
DA:355,5
DA:357,5
DA:358,1
DA:359,1
DA:360,1
DA:363,4
DA:364,1
DA:365,1
DA:366,1
DA:369,3
DA:370,3
DA:372,3
DA:373,2
DA:374,2
DA:376,1
DA:377,1
DA:380,0
DA:381,0
DA:407,3
DA:408,48
DA:410,48
DA:411,48
DA:412,43
DA:413,43
DA:415,43
DA:416,43
DA:417,43
DA:421,43
DA:422,43
DA:425,0
DA:426,0
DA:447,3
DA:448,5
DA:450,5
DA:451,5
DA:452,1
DA:454,1
DA:455,1
DA:456,1
DA:460,1
DA:461,1
DA:463,4
DA:464,4
DA:467,0
DA:468,0
DA:488,3
DA:489,10
DA:491,10
DA:493,10
DA:494,2
DA:495,2
DA:496,2
DA:499,8
DA:500,2
DA:501,2
DA:502,2
DA:505,6
DA:506,6
DA:507,6
DA:509,4
DA:510,4
DA:511,2
DA:512,2
DA:513,2
DA:515,2
DA:517,2
DA:518,2
DA:519,2
DA:522,0
DA:523,0
DA:524,0
DA:547,3
DA:548,9
DA:550,9
DA:552,9
DA:553,1
DA:554,1
DA:555,1
DA:558,8
DA:559,1
DA:560,1
DA:561,1
DA:564,7
DA:565,1
DA:566,1
DA:567,1
DA:570,11
DA:571,6
DA:572,1
DA:573,1
DA:574,1
DA:575,1
DA:578,9
DA:579,5
DA:580,1
DA:581,1
DA:582,1
DA:585,4
DA:586,4
DA:597,4
DA:598,3
DA:599,3
DA:601,1
DA:602,1
DA:605,0
DA:606,0
DA:613,6
DA:614,4
DA:615,4
DA:616,2
DA:617,6
DA:618,4
DA:619,4
DA:620,2
DA:622,6
DA:623,3
DA:624,1
DA:625,1
DA:626,1
DA:627,1
DA:628,0
DA:629,0
DA:630,0
DA:633,2
DA:634,5
DA:635,5
DA:636,0
DA:637,5
DA:638,5
DA:639,0
DA:643,3
DA:644,3
DA:645,3
DA:646,0
DA:647,3
DA:648,3
DA:649,1
DA:652,4
DA:657,4
DA:658,4
DA:659,10
DA:660,38
DA:661,0
DA:666,4
DA:667,11
DA:668,39
DA:669,99
DA:670,1
DA:675,3
DA:698,3
DA:699,17
DA:701,17
DA:703,17
DA:704,1
DA:705,1
DA:706,1
DA:709,16
DA:710,1
DA:711,1
DA:712,1
DA:715,15
DA:717,4
DA:718,4
DA:719,4
DA:722,11
DA:723,2
DA:724,2
DA:725,2
DA:728,9
DA:729,9
DA:730,9
DA:731,2
DA:732,2
DA:733,2
DA:735,7
DA:737,7
DA:738,1
DA:739,1
DA:740,1
DA:742,6
DA:744,6
DA:746,4
DA:747,1
DA:748,1
DA:751,2
DA:752,2
DA:755,3
DA:765,3
DA:766,3
DA:767,3
DA:769,0
DA:770,0
DA:773,0
DA:774,0
DA:805,3
DA:806,8
DA:809,8
DA:811,8
DA:812,1
DA:813,1
DA:814,1
DA:817,7
DA:818,0
DA:819,0
DA:820,0
DA:823,7
DA:825,2
DA:826,2
DA:827,2
DA:830,5
DA:831,5
DA:847,5
DA:848,4
DA:849,4
DA:851,1
DA:852,1
DA:856,0
DA:857,0
DA:858,0
DA:878,3
DA:879,5
DA:881,5
DA:883,5
DA:884,1
DA:885,1
DA:886,1
DA:889,4
DA:890,1
DA:891,1
DA:892,1
DA:895,3
DA:896,1
DA:897,1
DA:898,1
DA:901,2
DA:902,2
DA:912,2
DA:913,1
DA:914,1
DA:916,1
DA:917,1
DA:921,0
DA:922,0
DA:946,3
DA:947,9
DA:949,9
DA:951,9
DA:952,1
DA:953,1
DA:954,1
DA:957,8
DA:958,2
DA:959,2
DA:960,2
DA:963,6
DA:964,6
DA:965,6
DA:966,1
DA:967,1
DA:968,1
DA:970,5
DA:971,0
DA:974,5
DA:975,5
DA:976,1
DA:977,1
DA:978,1
DA:981,4
DA:982,0
DA:983,0
DA:984,0
DA:986,4
DA:987,0
DA:988,0
DA:989,0
DA:992,4
DA:993,1
DA:994,1
DA:995,1
DA:998,3
DA:999,3
DA:1001,3
DA:1003,3
DA:1004,3
DA:1006,3
DA:1007,3
DA:1008,3
DA:1010,0
DA:1011,0
DA:1015,0
DA:1016,0
DA:1035,3
DA:1036,0
DA:1038,0
DA:1040,0
DA:1041,0
DA:1042,0
DA:1043,0
DA:1046,0
DA:1047,0
DA:1048,0
DA:1049,0
DA:1052,0
DA:1053,0
DA:1054,0
DA:1055,0
DA:1056,0
DA:1057,0
DA:1060,0
DA:1061,0
DA:1063,0
DA:1064,0
DA:1084,3
DA:1085,7
DA:1087,7
DA:1089,7
DA:1090,1
DA:1091,1
DA:1092,1
DA:1095,6
DA:1096,2
DA:1097,2
DA:1098,2
DA:1101,4
DA:1103,4
DA:1104,4
DA:1105,1
DA:1106,1
DA:1107,1
DA:1109,3
DA:1110,0
DA:1113,3
DA:1114,3
DA:1115,1
DA:1116,1
DA:1117,1
DA:1120,2
DA:1121,1
DA:1122,1
DA:1123,1
DA:1126,1
DA:1127,1
DA:1129,1
DA:1130,1
DA:1132,1
DA:1133,1
DA:1134,1
DA:1136,0
DA:1137,0
DA:1141,0
DA:1142,0
DA:1162,3
DA:1163,12
DA:1165,12
DA:1167,12
DA:1168,1
DA:1169,1
DA:1170,1
DA:1173,11
DA:1174,1
DA:1175,1
DA:1176,1
DA:1179,10
DA:1180,0
DA:1181,0
DA:1182,0
DA:1185,10
DA:1186,10
DA:1187,10
DA:1188,1
DA:1189,1
DA:1190,1
DA:1192,9
DA:1193,0
DA:1196,9
DA:1197,9
DA:1198,1
DA:1199,1
DA:1200,1
DA:1203,8
DA:1204,1
DA:1205,1
DA:1206,1
DA:1209,7
DA:1210,1
DA:1211,1
DA:1212,1
DA:1215,6
DA:1216,1
DA:1217,1
DA:1218,1
DA:1221,5
DA:1223,5
DA:1225,5
DA:1226,5
DA:1227,5
DA:1229,0
DA:1230,0
DA:1234,0
DA:1235,0
DA:1255,3
DA:1256,7
DA:1258,7
DA:1260,7
DA:1261,1
DA:1262,1
DA:1263,1
DA:1266,6
DA:1267,2
DA:1268,2
DA:1269,2
DA:1272,4
DA:1274,4
DA:1275,4
DA:1276,1
DA:1277,1
DA:1278,1
DA:1281,3
DA:1282,3
DA:1283,1
DA:1284,1
DA:1285,1
DA:1288,2
DA:1289,1
DA:1290,1
DA:1291,1
DA:1294,1
DA:1296,1
DA:1298,1
DA:1299,1
DA:1300,1
DA:1302,0
DA:1303,0
DA:1307,0
DA:1308,0
LF:569
LH:483
BRDA:79,0,0,1
BRDA:79,0,1,47
BRDA:85,1,0,1
BRDA:85,1,1,46
BRDA:85,2,0,47
BRDA:85,2,1,47
BRDA:85,2,2,47
BRDA:91,3,0,1
BRDA:91,3,1,45
BRDA:97,4,0,1
BRDA:97,4,1,44
BRDA:107,5,0,1
BRDA:107,5,1,43
BRDA:166,6,0,1
BRDA:166,6,1,8
BRDA:172,7,0,1
BRDA:172,7,1,7
BRDA:172,8,0,8
BRDA:172,8,1,1
BRDA:178,9,0,0
BRDA:178,9,1,7
BRDA:181,10,0,6
BRDA:181,10,1,1
BRDA:221,11,0,1
BRDA:221,11,1,3
BRDA:227,12,0,1
BRDA:227,12,1,2
BRDA:227,13,0,3
BRDA:227,13,1,1
BRDA:233,14,0,0
BRDA:233,14,1,2
BRDA:236,15,0,1
BRDA:236,15,1,1
BRDA:275,16,0,1
BRDA:275,16,1,8
BRDA:281,17,0,1
BRDA:281,17,1,7
BRDA:281,18,0,8
BRDA:281,18,1,1
BRDA:287,19,0,1
BRDA:287,19,1,6
BRDA:287,20,0,7
BRDA:287,20,1,4
BRDA:293,21,0,1
BRDA:293,21,1,5
BRDA:293,22,0,6
BRDA:293,22,1,2
BRDA:298,23,0,1
BRDA:298,23,1,4
BRDA:298,24,0,5
BRDA:298,24,1,2
BRDA:305,25,0,2
BRDA:305,25,1,2
BRDA:309,26,0,0
BRDA:309,26,1,4
BRDA:323,27,0,3
BRDA:323,27,1,1
BRDA:357,28,0,1
BRDA:357,28,1,4
BRDA:363,29,0,1
BRDA:363,29,1,3
BRDA:363,30,0,4
BRDA:363,30,1,1
BRDA:369,31,0,0
BRDA:369,31,1,3
BRDA:372,32,0,2
BRDA:372,32,1,1
BRDA:411,33,0,43
BRDA:411,33,1,5
BRDA:451,34,0,1
BRDA:451,34,1,4
BRDA:493,35,0,2
BRDA:493,35,1,8
BRDA:499,36,0,2
BRDA:499,36,1,6
BRDA:499,37,0,8
BRDA:499,37,1,0
BRDA:499,37,2,8
BRDA:505,38,0,0
BRDA:505,38,1,6
BRDA:507,39,0,4
BRDA:507,39,1,2
BRDA:510,40,0,2
BRDA:510,40,1,2
BRDA:550,41,0,0
BRDA:552,42,0,1
BRDA:552,42,1,8
BRDA:558,43,0,1
BRDA:558,43,1,7
BRDA:558,44,0,8
BRDA:558,44,1,1
BRDA:564,45,0,1
BRDA:564,45,1,6
BRDA:564,46,0,7
BRDA:564,46,1,7
BRDA:571,47,0,1
BRDA:571,47,1,5
BRDA:579,48,0,1
BRDA:579,48,1,4
BRDA:585,49,0,0
BRDA:585,49,1,4
BRDA:597,50,0,3
BRDA:597,50,1,1
BRDA:613,51,0,4
BRDA:613,51,1,2
BRDA:617,52,0,4
BRDA:617,52,1,2
BRDA:622,53,0,3
BRDA:622,53,1,3
BRDA:623,54,0,1
BRDA:623,54,1,2
BRDA:626,55,0,0
BRDA:626,55,1,1
BRDA:626,56,0,1
BRDA:626,56,1,1
BRDA:629,57,0,0
BRDA:629,57,1,0
BRDA:629,58,0,0
BRDA:629,58,1,0
BRDA:635,59,0,5
BRDA:635,59,1,0
BRDA:635,60,0,5
BRDA:635,60,1,5
BRDA:638,61,0,5
BRDA:638,61,1,0
BRDA:638,62,0,5
BRDA:638,62,1,5
BRDA:645,63,0,3
BRDA:645,63,1,0
BRDA:645,64,0,3
BRDA:645,64,1,3
BRDA:648,65,0,2
BRDA:648,65,1,1
BRDA:648,66,0,3
BRDA:648,66,1,3
BRDA:660,67,0,0
BRDA:660,67,1,38
BRDA:660,68,0,38
BRDA:660,68,1,0
BRDA:669,69,0,1
BRDA:669,69,1,98
BRDA:669,70,0,99
BRDA:669,70,1,5
BRDA:701,71,0,0
BRDA:703,72,0,1
BRDA:703,72,1,16
BRDA:709,73,0,1
BRDA:709,73,1,15
BRDA:709,74,0,16
BRDA:709,74,1,1
BRDA:715,75,0,4
BRDA:715,75,1,11
BRDA:715,76,0,15
BRDA:715,76,1,14
BRDA:715,76,2,11
BRDA:715,76,3,13
BRDA:715,76,4,10
BRDA:715,76,5,12
BRDA:715,76,6,4
BRDA:722,77,0,2
BRDA:722,77,1,9
BRDA:722,78,0,11
BRDA:722,78,1,11
BRDA:722,78,2,10
BRDA:722,78,3,10
BRDA:728,79,0,0
BRDA:728,79,1,9
BRDA:730,80,0,2
BRDA:730,80,1,7
BRDA:737,81,0,1
BRDA:737,81,1,6
BRDA:737,82,0,7
BRDA:737,82,1,7
BRDA:744,83,0,4
BRDA:744,83,1,2
BRDA:746,84,0,1
BRDA:746,84,1,3
BRDA:765,85,0,3
BRDA:765,85,1,0
BRDA:809,86,0,6
BRDA:811,87,0,1
BRDA:811,87,1,7
BRDA:817,88,0,0
BRDA:817,88,1,7
BRDA:817,89,0,7
BRDA:817,89,1,0
BRDA:823,90,0,2
BRDA:823,90,1,5
BRDA:823,91,0,7
BRDA:823,91,1,7
BRDA:823,91,2,7
BRDA:823,91,3,7
BRDA:823,91,4,7
BRDA:823,91,5,5
BRDA:830,92,0,0
BRDA:830,92,1,5
BRDA:836,93,0,3
BRDA:836,93,1,2
BRDA:841,94,0,3
BRDA:841,94,1,2
BRDA:847,95,0,4
BRDA:847,95,1,1
BRDA:883,96,0,1
BRDA:883,96,1,4
BRDA:889,97,0,1
BRDA:889,97,1,3
BRDA:889,98,0,4
BRDA:889,98,1,1
BRDA:895,99,0,1
BRDA:895,99,1,2
BRDA:901,100,0,0
BRDA:901,100,1,2
BRDA:912,101,0,1
BRDA:912,101,1,1
BRDA:951,102,0,1
BRDA:951,102,1,8
BRDA:957,103,0,2
BRDA:957,103,1,6
BRDA:957,104,0,8
BRDA:957,104,1,1
BRDA:957,104,2,7
BRDA:963,105,0,0
BRDA:963,105,1,6
BRDA:965,106,0,1
BRDA:965,106,1,5
BRDA:970,107,0,0
BRDA:970,107,1,5
BRDA:975,108,0,1
BRDA:975,108,1,4
BRDA:981,109,0,0
BRDA:981,109,1,4
BRDA:986,110,0,0
BRDA:986,110,1,4
BRDA:992,111,0,1
BRDA:992,111,1,3
BRDA:1006,112,0,3
BRDA:1006,112,1,0
BRDA:1006,113,0,3
BRDA:1006,113,1,3
BRDA:1040,114,0,0
BRDA:1040,114,1,0
BRDA:1046,115,0,0
BRDA:1046,115,1,0
BRDA:1046,116,0,0
BRDA:1046,116,1,0
BRDA:1052,117,0,0
BRDA:1052,117,1,0
BRDA:1054,118,0,0
BRDA:1054,118,1,0
BRDA:1089,119,0,1
BRDA:1089,119,1,6
BRDA:1095,120,0,2
BRDA:1095,120,1,4
BRDA:1095,121,0,6
BRDA:1095,121,1,1
BRDA:1095,121,2,5
BRDA:1101,122,0,0
BRDA:1101,122,1,4
BRDA:1104,123,0,1
BRDA:1104,123,1,3
BRDA:1109,124,0,0
BRDA:1109,124,1,3
BRDA:1114,125,0,1
BRDA:1114,125,1,2
BRDA:1120,126,0,1
BRDA:1120,126,1,1
BRDA:1120,127,0,2
BRDA:1120,127,1,1
BRDA:1132,128,0,1
BRDA:1132,128,1,0
BRDA:1132,129,0,1
BRDA:1132,129,1,1
BRDA:1167,130,0,1
BRDA:1167,130,1,11
BRDA:1173,131,0,1
BRDA:1173,131,1,10
BRDA:1173,132,0,11
BRDA:1173,132,1,1
BRDA:1173,132,2,10
BRDA:1179,133,0,0
BRDA:1179,133,1,10
BRDA:1185,134,0,0
BRDA:1185,134,1,10
BRDA:1187,135,0,1
BRDA:1187,135,1,9
BRDA:1192,136,0,0
BRDA:1192,136,1,9
BRDA:1197,137,0,1
BRDA:1197,137,1,8
BRDA:1203,138,0,1
BRDA:1203,138,1,7
BRDA:1209,139,0,1
BRDA:1209,139,1,6
BRDA:1215,140,0,1
BRDA:1215,140,1,5
BRDA:1215,141,0,6
BRDA:1215,141,1,5
BRDA:1225,142,0,5
BRDA:1225,142,1,0
BRDA:1260,143,0,1
BRDA:1260,143,1,6
BRDA:1266,144,0,2
BRDA:1266,144,1,4
BRDA:1266,145,0,6
BRDA:1266,145,1,1
BRDA:1266,145,2,5
BRDA:1272,146,0,0
BRDA:1272,146,1,4
BRDA:1275,147,0,1
BRDA:1275,147,1,3
BRDA:1282,148,0,1
BRDA:1282,148,1,2
BRDA:1288,149,0,1
BRDA:1288,149,1,1
BRDA:1298,150,0,1
BRDA:1298,150,1,0
BRF:316
BRH:267
end_of_record
TN:
SF:src/controllers/publicacionController.js
FN:17,generarCodigo
FN:46,(anonymous_1)
FN:212,(anonymous_2)
FN:255,(anonymous_3)
FN:304,(anonymous_4)
FN:341,(anonymous_5)
FNF:6
FNH:5
FNDA:8,generarCodigo
FNDA:25,(anonymous_1)
FNDA:3,(anonymous_2)
FNDA:9,(anonymous_3)
FNDA:0,(anonymous_4)
FNDA:7,(anonymous_5)
DA:1,1
DA:2,1
DA:3,1
DA:4,1
DA:5,1
DA:18,8
DA:19,8
DA:20,8
DA:21,8
DA:22,8
DA:46,1
DA:47,25
DA:48,25
DA:49,25
DA:50,1
DA:51,1
DA:52,1
DA:54,24
DA:55,1
DA:56,1
DA:57,1
DA:59,23
DA:60,1
DA:61,1
DA:62,1
DA:65,22
DA:66,1
DA:67,1
DA:68,1
DA:72,21
DA:73,0
DA:74,0
DA:75,0
DA:77,21
DA:79,21
DA:80,0
DA:82,21
DA:83,21
DA:85,7
DA:86,7
DA:87,1
DA:88,1
DA:89,1
DA:91,6
DA:92,1
DA:93,1
DA:94,1
DA:97,5
DA:98,5
DA:99,1
DA:100,1
DA:101,1
DA:103,4
DA:105,4
DA:107,4
DA:108,4
DA:109,1
DA:110,1
DA:111,1
DA:113,3
DA:114,1
DA:115,1
DA:116,1
DA:119,2
DA:120,1
DA:121,1
DA:122,1
DA:124,1
DA:126,1
DA:128,4
DA:129,4
DA:130,1
DA:131,1
DA:132,1
DA:134,3
DA:135,1
DA:136,1
DA:137,1
DA:140,2
DA:141,1
DA:142,1
DA:143,1
DA:145,1
DA:147,1
DA:149,4
DA:150,4
DA:151,1
DA:152,1
DA:153,1
DA:155,3
DA:156,1
DA:157,1
DA:158,1
DA:161,2
DA:162,1
DA:163,1
DA:164,1
DA:166,1
DA:168,1
DA:170,2
DA:171,2
DA:172,1
DA:173,1
DA:174,1
DA:176,1
DA:178,1
DA:180,0
DA:181,0
DA:182,0
DA:184,8
DA:190,8
DA:191,8
DA:194,0
DA:195,0
DA:212,1
DA:213,3
DA:214,3
DA:215,3
DA:216,0
DA:217,0
DA:218,0
DA:220,3
DA:221,1
DA:222,1
DA:223,1
DA:225,2
DA:227,2
DA:228,1
DA:229,1
DA:230,1
DA:232,1
DA:233,1
DA:235,0
DA:236,0
DA:255,1
DA:256,9
DA:257,9
DA:258,9
DA:259,1
DA:260,1
DA:261,1
DA:263,8
DA:264,1
DA:265,1
DA:266,1
DA:268,7
DA:269,1
DA:270,1
DA:271,1
DA:273,6
DA:274,1
DA:275,1
DA:276,1
DA:279,5
DA:280,1
DA:281,1
DA:282,1
DA:285,4
DA:286,1
DA:287,1
DA:288,1
DA:291,3
DA:292,3
DA:293,1
DA:294,1
DA:295,1
DA:297,2
DA:298,2
DA:299,1
DA:300,1
DA:301,1
DA:304,1
DA:306,1
DA:307,1
DA:308,1
DA:310,0
DA:313,1
DA:317,1
DA:320,0
DA:321,0
DA:341,1
DA:342,7
DA:343,7
DA:344,7
DA:345,1
DA:346,1
DA:347,1
DA:349,6
DA:350,1
DA:351,1
DA:352,1
DA:354,5
DA:355,1
DA:356,1
DA:357,1
DA:360,4
DA:362,4
DA:363,2
DA:364,2
DA:365,2
DA:368,2
DA:369,1
DA:370,1
DA:371,1
DA:373,1
DA:374,1
DA:377,0
DA:378,0
LF:208
LH:189
BRDA:49,0,0,1
BRDA:49,0,1,24
BRDA:54,1,0,1
BRDA:54,1,1,23
BRDA:59,2,0,1
BRDA:59,2,1,22
BRDA:65,3,0,1
BRDA:65,3,1,21
BRDA:72,4,0,0
BRDA:72,4,1,21
BRDA:72,5,0,21
BRDA:72,5,1,21
BRDA:79,6,0,0
BRDA:79,6,1,21
BRDA:83,7,0,7
BRDA:83,7,1,4
BRDA:83,7,2,4
BRDA:83,7,3,4
BRDA:83,7,4,2
BRDA:83,7,5,0
BRDA:86,8,0,1
BRDA:86,8,1,6
BRDA:91,9,0,1
BRDA:91,9,1,5
BRDA:98,10,0,1
BRDA:98,10,1,4
BRDA:98,11,0,5
BRDA:98,11,1,4
BRDA:108,12,0,1
BRDA:108,12,1,3
BRDA:113,13,0,1
BRDA:113,13,1,2
BRDA:119,14,0,1
BRDA:119,14,1,1
BRDA:119,15,0,2
BRDA:119,15,1,1
BRDA:129,16,0,1
BRDA:129,16,1,3
BRDA:134,17,0,1
BRDA:134,17,1,2
BRDA:140,18,0,1
BRDA:140,18,1,1
BRDA:140,19,0,2
BRDA:140,19,1,1
BRDA:150,20,0,1
BRDA:150,20,1,3
BRDA:155,21,0,1
BRDA:155,21,1,2
BRDA:161,22,0,1
BRDA:161,22,1,1
BRDA:161,23,0,2
BRDA:161,23,1,1
BRDA:171,24,0,1
BRDA:171,24,1,1
BRDA:215,25,0,0
BRDA:215,25,1,3
BRDA:220,26,0,1
BRDA:220,26,1,2
BRDA:227,27,0,1
BRDA:227,27,1,1
BRDA:258,28,0,1
BRDA:258,28,1,8
BRDA:263,29,0,1
BRDA:263,29,1,7
BRDA:268,30,0,1
BRDA:268,30,1,6
BRDA:273,31,0,1
BRDA:273,31,1,5
BRDA:279,32,0,1
BRDA:279,32,1,4
BRDA:285,33,0,1
BRDA:285,33,1,3
BRDA:285,34,0,4
BRDA:285,34,1,3
BRDA:292,35,0,1
BRDA:292,35,1,2
BRDA:298,36,0,1
BRDA:298,36,1,1
BRDA:307,37,0,1
BRDA:307,37,1,0
BRDA:344,38,0,1
BRDA:344,38,1,6
BRDA:349,39,0,1
BRDA:349,39,1,5
BRDA:354,40,0,1
BRDA:354,40,1,4
BRDA:362,41,0,2
BRDA:362,41,1,2
BRDA:368,42,0,1
BRDA:368,42,1,1
BRF:90
BRH:85
end_of_record
TN:
SF:src/data/barco.js
FNF:0
FNH:0
DA:1,3
DA:16,3
DA:27,3
DA:32,3
LF:4
LH:4
BRF:0
BRH:0
end_of_record
TN:
SF:src/data/biomas.js
FNF:0
FNH:0
DA:15,1
DA:17,1
LF:2
LH:2
BRF:0
BRH:0
end_of_record
TN:
SF:src/data/climas.js
FNF:0
FNH:0
DA:16,1
DA:18,1
LF:2
LH:2
BRF:0
BRH:0
end_of_record
TN:
SF:src/data/coordenada.js
FNF:0
FNH:0
DA:13,3
DA:26,3
DA:32,3
LF:3
LH:3
BRF:0
BRH:0
end_of_record
TN:
SF:src/data/habilidades.js
FNF:0
FNH:0
DA:14,3
DA:16,3
LF:2
LH:2
BRF:0
BRH:0
end_of_record
TN:
SF:src/data/niveles.js
FN:23,calcularNivel
FNF:1
FNH:1
FNDA:5,calcularNivel
DA:14,1
DA:24,5
DA:25,5
DA:26,5
DA:27,7
DA:28,2
DA:29,2
DA:30,5
DA:32,5
DA:35,1
LF:10
LH:10
BRDA:27,0,0,2
BRDA:27,0,1,5
BRF:2
BRH:2
end_of_record
TN:
SF:src/data/paises.js
FNF:0
FNH:0
DA:14,3
DA:16,3
LF:2
LH:2
BRF:0
BRH:0
end_of_record
TN:
SF:src/data/publicaciones.js
FNF:0
FNH:0
DA:17,1
DA:25,1
LF:2
LH:2
BRF:0
BRH:0
end_of_record
TN:
SF:src/data/reacciones.js
FNF:0
FNH:0
DA:13,1
DA:23,1
DA:28,1
DA:29,1
LF:4
LH:4
BRF:0
BRH:0
end_of_record
TN:
SF:src/data/tablero.js
FNF:0
FNH:0
DA:14,3
DA:17,3
DA:19,3
LF:3
LH:3
BRF:0
BRH:0
end_of_record
TN:
SF:src/models/partidaModel.js
FNF:0
FNH:0
DA:1,1
DA:5,1
DA:6,1
DA:7,1
DA:8,1
DA:9,1
DA:51,1
DA:121,1
DA:122,1
LF:9
LH:9
BRF:0
BRH:0
end_of_record
TN:
SF:src/models/perfilModel.js
FNF:0
FNH:0
DA:1,3
DA:5,3
DA:6,3
DA:7,3
DA:8,3
DA:40,3
DA:111,3
DA:113,3
LF:8
LH:8
BRF:0
BRH:0
end_of_record
TN:
SF:src/models/publicacionModel.js
FNF:0
FNH:0
DA:1,1
DA:5,1
DA:6,1
DA:24,1
DA:44,1
DA:46,1
LF:6
LH:6
BRF:0
BRH:0
end_of_record
